2024-03-08 15:59:26,871 INFO o.s.b.StartupInfoLogger [main] Starting GpbWebApplication using Java 20.0.2 with PID 8136 (E:\Work\Pet\GPB\Game-Price-Bot\gpb-stores\build\classes\java\main started by jedik in E:\Work\Pet\GPB\Game-Price-Bot\gpb-stores)
2024-03-08 15:59:26,875 INFO o.s.b.SpringApplication [main] No active profile set, falling back to 1 default profile: "default"
2024-03-08 15:59:27,209 INFO o.s.d.r.c.RepositoryConfigurationDelegate [main] Bootstrapping Spring Data JPA repositories in DEFAULT mode.
2024-03-08 15:59:27,254 INFO o.s.d.r.c.RepositoryConfigurationDelegate [main] Finished Spring Data repository scanning in 39 ms. Found 4 JPA repository interfaces.
2024-03-08 15:59:27,678 INFO o.f.c.i.l.s.Slf4jLog [main] Flyway Community Edition 8.5.13 by Redgate
2024-03-08 15:59:27,689 INFO o.f.c.i.l.s.Slf4jLog [main] See what's new here: https://flywaydb.org/documentation/learnmore/releaseNotes#8.5.13
2024-03-08 15:59:27,689 INFO o.f.c.i.l.s.Slf4jLog [main] 
2024-03-08 15:59:27,710 INFO c.z.h.HikariDataSource [main] HikariPool-1 - Starting...
2024-03-08 15:59:27,920 INFO c.z.h.p.HikariPool [main] HikariPool-1 - Added connection org.postgresql.jdbc.PgConnection@310ed6b4
2024-03-08 15:59:27,922 INFO c.z.h.HikariDataSource [main] HikariPool-1 - Start completed.
2024-03-08 15:59:27,932 INFO o.f.c.i.l.s.Slf4jLog [main] Database: jdbc:postgresql://localhost:5432/postgres (PostgreSQL 15.4)
2024-03-08 15:59:27,937 WARN o.f.c.i.l.s.Slf4jLog [main] Flyway upgrade recommended: PostgreSQL 15.4 is newer than this version of Flyway and support has not been tested. The latest supported version of PostgreSQL is 14.
2024-03-08 15:59:27,956 INFO o.f.c.i.l.s.Slf4jLog [main] Successfully validated 1 migration (execution time 00:00.013s)
2024-03-08 15:59:27,961 INFO o.f.c.i.l.s.Slf4jLog [main] Current version of schema "public": 1
2024-03-08 15:59:27,961 INFO o.f.c.i.l.s.Slf4jLog [main] Schema "public" is up to date. No migration necessary.
2024-03-08 15:59:28,037 INFO o.h.j.i.u.LogHelper [main] HHH000204: Processing PersistenceUnitInfo [name: default]
2024-03-08 15:59:28,085 INFO o.h.Version [main] HHH000412: Hibernate ORM core version 6.1.7.Final
2024-03-08 15:59:28,355 INFO o.h.e.j.d.i.DialectFactoryImpl [main] HHH000400: Using dialect: org.hibernate.dialect.PostgreSQLDialect
2024-03-08 15:59:29,010 INFO o.h.e.t.j.p.i.JtaPlatformInitiator [main] HHH000490: Using JtaPlatform implementation: [org.hibernate.engine.transaction.jta.platform.internal.NoJtaPlatform]
2024-03-08 15:59:29,016 INFO o.s.o.j.AbstractEntityManagerFactoryBean [main] Initialized JPA EntityManagerFactory for persistence unit 'default'
2024-03-08 15:59:29,950 INFO o.a.k.c.c.AbstractConfig [main] ConsumerConfig values: 
	allow.auto.create.topics = true
	auto.commit.interval.ms = 5000
	auto.offset.reset = latest
	bootstrap.servers = [localhost:9092]
	check.crcs = true
	client.dns.lookup = use_all_dns_ips
	client.id = consumer-gpb-1
	client.rack = 
	connections.max.idle.ms = 540000
	default.api.timeout.ms = 60000
	enable.auto.commit = false
	exclude.internal.topics = true
	fetch.max.bytes = 52428800
	fetch.max.wait.ms = 500
	fetch.min.bytes = 1
	group.id = gpb
	group.instance.id = null
	heartbeat.interval.ms = 3000
	interceptor.classes = []
	internal.leave.group.on.close = true
	internal.throw.on.fetch.stable.offset.unsupported = false
	isolation.level = read_uncommitted
	key.deserializer = class org.apache.kafka.common.serialization.StringDeserializer
	max.partition.fetch.bytes = 1048576
	max.poll.interval.ms = 300000
	max.poll.records = 500
	metadata.max.age.ms = 300000
	metric.reporters = []
	metrics.num.samples = 2
	metrics.recording.level = INFO
	metrics.sample.window.ms = 30000
	partition.assignment.strategy = [class org.apache.kafka.clients.consumer.RangeAssignor, class org.apache.kafka.clients.consumer.CooperativeStickyAssignor]
	receive.buffer.bytes = 65536
	reconnect.backoff.max.ms = 1000
	reconnect.backoff.ms = 50
	request.timeout.ms = 30000
	retry.backoff.ms = 100
	sasl.client.callback.handler.class = null
	sasl.jaas.config = null
	sasl.kerberos.kinit.cmd = /usr/bin/kinit
	sasl.kerberos.min.time.before.relogin = 60000
	sasl.kerberos.service.name = null
	sasl.kerberos.ticket.renew.jitter = 0.05
	sasl.kerberos.ticket.renew.window.factor = 0.8
	sasl.login.callback.handler.class = null
	sasl.login.class = null
	sasl.login.connect.timeout.ms = null
	sasl.login.read.timeout.ms = null
	sasl.login.refresh.buffer.seconds = 300
	sasl.login.refresh.min.period.seconds = 60
	sasl.login.refresh.window.factor = 0.8
	sasl.login.refresh.window.jitter = 0.05
	sasl.login.retry.backoff.max.ms = 10000
	sasl.login.retry.backoff.ms = 100
	sasl.mechanism = GSSAPI
	sasl.oauthbearer.clock.skew.seconds = 30
	sasl.oauthbearer.expected.audience = null
	sasl.oauthbearer.expected.issuer = null
	sasl.oauthbearer.jwks.endpoint.refresh.ms = 3600000
	sasl.oauthbearer.jwks.endpoint.retry.backoff.max.ms = 10000
	sasl.oauthbearer.jwks.endpoint.retry.backoff.ms = 100
	sasl.oauthbearer.jwks.endpoint.url = null
	sasl.oauthbearer.scope.claim.name = scope
	sasl.oauthbearer.sub.claim.name = sub
	sasl.oauthbearer.token.endpoint.url = null
	security.protocol = PLAINTEXT
	security.providers = null
	send.buffer.bytes = 131072
	session.timeout.ms = 45000
	socket.connection.setup.timeout.max.ms = 30000
	socket.connection.setup.timeout.ms = 10000
	ssl.cipher.suites = null
	ssl.enabled.protocols = [TLSv1.2, TLSv1.3]
	ssl.endpoint.identification.algorithm = https
	ssl.engine.factory.class = null
	ssl.key.password = null
	ssl.keymanager.algorithm = SunX509
	ssl.keystore.certificate.chain = null
	ssl.keystore.key = null
	ssl.keystore.location = null
	ssl.keystore.password = null
	ssl.keystore.type = JKS
	ssl.protocol = TLSv1.3
	ssl.provider = null
	ssl.secure.random.implementation = null
	ssl.trustmanager.algorithm = PKIX
	ssl.truststore.certificates = null
	ssl.truststore.location = null
	ssl.truststore.password = null
	ssl.truststore.type = JKS
	value.deserializer = class org.apache.kafka.common.serialization.LongDeserializer

2024-03-08 15:59:30,014 INFO o.a.k.c.u.AppInfoParser$AppInfo [main] Kafka version: 3.3.2
2024-03-08 15:59:30,015 INFO o.a.k.c.u.AppInfoParser$AppInfo [main] Kafka commitId: b66af662e61082cb
2024-03-08 15:59:30,015 INFO o.a.k.c.u.AppInfoParser$AppInfo [main] Kafka startTimeMs: 1709906370013
2024-03-08 15:59:30,017 INFO o.a.k.c.c.KafkaConsumer [main] [Consumer clientId=consumer-gpb-1, groupId=gpb] Subscribed to topic(s): gpb_game_follow
2024-03-08 15:59:30,021 INFO o.a.k.c.c.AbstractConfig [main] ConsumerConfig values: 
	allow.auto.create.topics = true
	auto.commit.interval.ms = 5000
	auto.offset.reset = latest
	bootstrap.servers = [localhost:9092]
	check.crcs = true
	client.dns.lookup = use_all_dns_ips
	client.id = consumer-gpb-2
	client.rack = 
	connections.max.idle.ms = 540000
	default.api.timeout.ms = 60000
	enable.auto.commit = false
	exclude.internal.topics = true
	fetch.max.bytes = 52428800
	fetch.max.wait.ms = 500
	fetch.min.bytes = 1
	group.id = gpb
	group.instance.id = null
	heartbeat.interval.ms = 3000
	interceptor.classes = []
	internal.leave.group.on.close = true
	internal.throw.on.fetch.stable.offset.unsupported = false
	isolation.level = read_uncommitted
	key.deserializer = class org.apache.kafka.common.serialization.StringDeserializer
	max.partition.fetch.bytes = 1048576
	max.poll.interval.ms = 300000
	max.poll.records = 500
	metadata.max.age.ms = 300000
	metric.reporters = []
	metrics.num.samples = 2
	metrics.recording.level = INFO
	metrics.sample.window.ms = 30000
	partition.assignment.strategy = [class org.apache.kafka.clients.consumer.RangeAssignor, class org.apache.kafka.clients.consumer.CooperativeStickyAssignor]
	receive.buffer.bytes = 65536
	reconnect.backoff.max.ms = 1000
	reconnect.backoff.ms = 50
	request.timeout.ms = 30000
	retry.backoff.ms = 100
	sasl.client.callback.handler.class = null
	sasl.jaas.config = null
	sasl.kerberos.kinit.cmd = /usr/bin/kinit
	sasl.kerberos.min.time.before.relogin = 60000
	sasl.kerberos.service.name = null
	sasl.kerberos.ticket.renew.jitter = 0.05
	sasl.kerberos.ticket.renew.window.factor = 0.8
	sasl.login.callback.handler.class = null
	sasl.login.class = null
	sasl.login.connect.timeout.ms = null
	sasl.login.read.timeout.ms = null
	sasl.login.refresh.buffer.seconds = 300
	sasl.login.refresh.min.period.seconds = 60
	sasl.login.refresh.window.factor = 0.8
	sasl.login.refresh.window.jitter = 0.05
	sasl.login.retry.backoff.max.ms = 10000
	sasl.login.retry.backoff.ms = 100
	sasl.mechanism = GSSAPI
	sasl.oauthbearer.clock.skew.seconds = 30
	sasl.oauthbearer.expected.audience = null
	sasl.oauthbearer.expected.issuer = null
	sasl.oauthbearer.jwks.endpoint.refresh.ms = 3600000
	sasl.oauthbearer.jwks.endpoint.retry.backoff.max.ms = 10000
	sasl.oauthbearer.jwks.endpoint.retry.backoff.ms = 100
	sasl.oauthbearer.jwks.endpoint.url = null
	sasl.oauthbearer.scope.claim.name = scope
	sasl.oauthbearer.sub.claim.name = sub
	sasl.oauthbearer.token.endpoint.url = null
	security.protocol = PLAINTEXT
	security.providers = null
	send.buffer.bytes = 131072
	session.timeout.ms = 45000
	socket.connection.setup.timeout.max.ms = 30000
	socket.connection.setup.timeout.ms = 10000
	ssl.cipher.suites = null
	ssl.enabled.protocols = [TLSv1.2, TLSv1.3]
	ssl.endpoint.identification.algorithm = https
	ssl.engine.factory.class = null
	ssl.key.password = null
	ssl.keymanager.algorithm = SunX509
	ssl.keystore.certificate.chain = null
	ssl.keystore.key = null
	ssl.keystore.location = null
	ssl.keystore.password = null
	ssl.keystore.type = JKS
	ssl.protocol = TLSv1.3
	ssl.provider = null
	ssl.secure.random.implementation = null
	ssl.trustmanager.algorithm = PKIX
	ssl.truststore.certificates = null
	ssl.truststore.location = null
	ssl.truststore.password = null
	ssl.truststore.type = JKS
	value.deserializer = class org.apache.kafka.common.serialization.LongDeserializer

2024-03-08 15:59:30,027 INFO o.a.k.c.u.AppInfoParser$AppInfo [main] Kafka version: 3.3.2
2024-03-08 15:59:30,028 INFO o.a.k.c.u.AppInfoParser$AppInfo [main] Kafka commitId: b66af662e61082cb
2024-03-08 15:59:30,028 INFO o.a.k.c.u.AppInfoParser$AppInfo [main] Kafka startTimeMs: 1709906370027
2024-03-08 15:59:30,028 INFO o.a.k.c.c.KafkaConsumer [main] [Consumer clientId=consumer-gpb-2, groupId=gpb] Subscribed to topic(s): gpb_game_unfollow
2024-03-08 15:59:30,030 INFO o.a.k.c.c.AbstractConfig [main] ConsumerConfig values: 
	allow.auto.create.topics = true
	auto.commit.interval.ms = 5000
	auto.offset.reset = latest
	bootstrap.servers = [localhost:9092]
	check.crcs = true
	client.dns.lookup = use_all_dns_ips
	client.id = consumer-gpb-3
	client.rack = 
	connections.max.idle.ms = 540000
	default.api.timeout.ms = 60000
	enable.auto.commit = false
	exclude.internal.topics = true
	fetch.max.bytes = 52428800
	fetch.max.wait.ms = 500
	fetch.min.bytes = 1
	group.id = gpb
	group.instance.id = null
	heartbeat.interval.ms = 3000
	interceptor.classes = []
	internal.leave.group.on.close = true
	internal.throw.on.fetch.stable.offset.unsupported = false
	isolation.level = read_uncommitted
	key.deserializer = class org.apache.kafka.common.serialization.StringDeserializer
	max.partition.fetch.bytes = 1048576
	max.poll.interval.ms = 300000
	max.poll.records = 500
	metadata.max.age.ms = 300000
	metric.reporters = []
	metrics.num.samples = 2
	metrics.recording.level = INFO
	metrics.sample.window.ms = 30000
	partition.assignment.strategy = [class org.apache.kafka.clients.consumer.RangeAssignor, class org.apache.kafka.clients.consumer.CooperativeStickyAssignor]
	receive.buffer.bytes = 65536
	reconnect.backoff.max.ms = 1000
	reconnect.backoff.ms = 50
	request.timeout.ms = 30000
	retry.backoff.ms = 100
	sasl.client.callback.handler.class = null
	sasl.jaas.config = null
	sasl.kerberos.kinit.cmd = /usr/bin/kinit
	sasl.kerberos.min.time.before.relogin = 60000
	sasl.kerberos.service.name = null
	sasl.kerberos.ticket.renew.jitter = 0.05
	sasl.kerberos.ticket.renew.window.factor = 0.8
	sasl.login.callback.handler.class = null
	sasl.login.class = null
	sasl.login.connect.timeout.ms = null
	sasl.login.read.timeout.ms = null
	sasl.login.refresh.buffer.seconds = 300
	sasl.login.refresh.min.period.seconds = 60
	sasl.login.refresh.window.factor = 0.8
	sasl.login.refresh.window.jitter = 0.05
	sasl.login.retry.backoff.max.ms = 10000
	sasl.login.retry.backoff.ms = 100
	sasl.mechanism = GSSAPI
	sasl.oauthbearer.clock.skew.seconds = 30
	sasl.oauthbearer.expected.audience = null
	sasl.oauthbearer.expected.issuer = null
	sasl.oauthbearer.jwks.endpoint.refresh.ms = 3600000
	sasl.oauthbearer.jwks.endpoint.retry.backoff.max.ms = 10000
	sasl.oauthbearer.jwks.endpoint.retry.backoff.ms = 100
	sasl.oauthbearer.jwks.endpoint.url = null
	sasl.oauthbearer.scope.claim.name = scope
	sasl.oauthbearer.sub.claim.name = sub
	sasl.oauthbearer.token.endpoint.url = null
	security.protocol = PLAINTEXT
	security.providers = null
	send.buffer.bytes = 131072
	session.timeout.ms = 45000
	socket.connection.setup.timeout.max.ms = 30000
	socket.connection.setup.timeout.ms = 10000
	ssl.cipher.suites = null
	ssl.enabled.protocols = [TLSv1.2, TLSv1.3]
	ssl.endpoint.identification.algorithm = https
	ssl.engine.factory.class = null
	ssl.key.password = null
	ssl.keymanager.algorithm = SunX509
	ssl.keystore.certificate.chain = null
	ssl.keystore.key = null
	ssl.keystore.location = null
	ssl.keystore.password = null
	ssl.keystore.type = JKS
	ssl.protocol = TLSv1.3
	ssl.provider = null
	ssl.secure.random.implementation = null
	ssl.trustmanager.algorithm = PKIX
	ssl.truststore.certificates = null
	ssl.truststore.location = null
	ssl.truststore.password = null
	ssl.truststore.type = JKS
	value.deserializer = class org.apache.kafka.common.serialization.StringDeserializer

2024-03-08 15:59:30,035 INFO o.a.k.c.u.AppInfoParser$AppInfo [main] Kafka version: 3.3.2
2024-03-08 15:59:30,035 INFO o.a.k.c.u.AppInfoParser$AppInfo [main] Kafka commitId: b66af662e61082cb
2024-03-08 15:59:30,035 INFO o.a.k.c.u.AppInfoParser$AppInfo [main] Kafka startTimeMs: 1709906370035
2024-03-08 15:59:30,035 INFO o.a.k.c.c.KafkaConsumer [main] [Consumer clientId=consumer-gpb-3, groupId=gpb] Subscribed to topic(s): gpb_game_name_search_request
2024-03-08 15:59:30,037 INFO o.a.k.c.c.AbstractConfig [main] ConsumerConfig values: 
	allow.auto.create.topics = true
	auto.commit.interval.ms = 5000
	auto.offset.reset = latest
	bootstrap.servers = [localhost:9092]
	check.crcs = true
	client.dns.lookup = use_all_dns_ips
	client.id = consumer-gpb-4
	client.rack = 
	connections.max.idle.ms = 540000
	default.api.timeout.ms = 60000
	enable.auto.commit = false
	exclude.internal.topics = true
	fetch.max.bytes = 52428800
	fetch.max.wait.ms = 500
	fetch.min.bytes = 1
	group.id = gpb
	group.instance.id = null
	heartbeat.interval.ms = 3000
	interceptor.classes = []
	internal.leave.group.on.close = true
	internal.throw.on.fetch.stable.offset.unsupported = false
	isolation.level = read_uncommitted
	key.deserializer = class org.apache.kafka.common.serialization.StringDeserializer
	max.partition.fetch.bytes = 1048576
	max.poll.interval.ms = 300000
	max.poll.records = 500
	metadata.max.age.ms = 300000
	metric.reporters = []
	metrics.num.samples = 2
	metrics.recording.level = INFO
	metrics.sample.window.ms = 30000
	partition.assignment.strategy = [class org.apache.kafka.clients.consumer.RangeAssignor, class org.apache.kafka.clients.consumer.CooperativeStickyAssignor]
	receive.buffer.bytes = 65536
	reconnect.backoff.max.ms = 1000
	reconnect.backoff.ms = 50
	request.timeout.ms = 30000
	retry.backoff.ms = 100
	sasl.client.callback.handler.class = null
	sasl.jaas.config = null
	sasl.kerberos.kinit.cmd = /usr/bin/kinit
	sasl.kerberos.min.time.before.relogin = 60000
	sasl.kerberos.service.name = null
	sasl.kerberos.ticket.renew.jitter = 0.05
	sasl.kerberos.ticket.renew.window.factor = 0.8
	sasl.login.callback.handler.class = null
	sasl.login.class = null
	sasl.login.connect.timeout.ms = null
	sasl.login.read.timeout.ms = null
	sasl.login.refresh.buffer.seconds = 300
	sasl.login.refresh.min.period.seconds = 60
	sasl.login.refresh.window.factor = 0.8
	sasl.login.refresh.window.jitter = 0.05
	sasl.login.retry.backoff.max.ms = 10000
	sasl.login.retry.backoff.ms = 100
	sasl.mechanism = GSSAPI
	sasl.oauthbearer.clock.skew.seconds = 30
	sasl.oauthbearer.expected.audience = null
	sasl.oauthbearer.expected.issuer = null
	sasl.oauthbearer.jwks.endpoint.refresh.ms = 3600000
	sasl.oauthbearer.jwks.endpoint.retry.backoff.max.ms = 10000
	sasl.oauthbearer.jwks.endpoint.retry.backoff.ms = 100
	sasl.oauthbearer.jwks.endpoint.url = null
	sasl.oauthbearer.scope.claim.name = scope
	sasl.oauthbearer.sub.claim.name = sub
	sasl.oauthbearer.token.endpoint.url = null
	security.protocol = PLAINTEXT
	security.providers = null
	send.buffer.bytes = 131072
	session.timeout.ms = 45000
	socket.connection.setup.timeout.max.ms = 30000
	socket.connection.setup.timeout.ms = 10000
	ssl.cipher.suites = null
	ssl.enabled.protocols = [TLSv1.2, TLSv1.3]
	ssl.endpoint.identification.algorithm = https
	ssl.engine.factory.class = null
	ssl.key.password = null
	ssl.keymanager.algorithm = SunX509
	ssl.keystore.certificate.chain = null
	ssl.keystore.key = null
	ssl.keystore.location = null
	ssl.keystore.password = null
	ssl.keystore.type = JKS
	ssl.protocol = TLSv1.3
	ssl.provider = null
	ssl.secure.random.implementation = null
	ssl.trustmanager.algorithm = PKIX
	ssl.truststore.certificates = null
	ssl.truststore.location = null
	ssl.truststore.password = null
	ssl.truststore.type = JKS
	value.deserializer = class org.apache.kafka.common.serialization.StringDeserializer

2024-03-08 15:59:30,042 INFO o.a.k.c.u.AppInfoParser$AppInfo [main] Kafka version: 3.3.2
2024-03-08 15:59:30,042 INFO o.a.k.c.u.AppInfoParser$AppInfo [main] Kafka commitId: b66af662e61082cb
2024-03-08 15:59:30,042 INFO o.a.k.c.u.AppInfoParser$AppInfo [main] Kafka startTimeMs: 1709906370041
2024-03-08 15:59:30,042 INFO o.a.k.c.c.KafkaConsumer [main] [Consumer clientId=consumer-gpb-4, groupId=gpb] Subscribed to topic(s): gpb_game_url_search_request
2024-03-08 15:59:30,056 INFO o.s.b.StartupInfoLogger [main] Started GpbWebApplication in 3.547 seconds (process running for 4.13)
2024-03-08 15:59:30,260 INFO o.a.k.c.Metadata [org.springframework.kafka.KafkaListenerEndpointContainer#0-0-C-1] [Consumer clientId=consumer-gpb-3, groupId=gpb] Resetting the last seen epoch of partition gpb_game_name_search_request-0 to 0 since the associated topicId changed from null to kNohPOLpS7K2cFqAvQzSIw
2024-03-08 15:59:30,260 INFO o.a.k.c.Metadata [org.springframework.kafka.KafkaListenerEndpointContainer#1-0-C-1] [Consumer clientId=consumer-gpb-4, groupId=gpb] Resetting the last seen epoch of partition gpb_game_url_search_request-0 to 0 since the associated topicId changed from null to bhhZD8dJQcy4NiIkCAIUYA
2024-03-08 15:59:30,260 INFO o.a.k.c.Metadata [org.springframework.kafka.KafkaListenerEndpointContainer#2-0-C-1] [Consumer clientId=consumer-gpb-1, groupId=gpb] Resetting the last seen epoch of partition gpb_game_follow-0 to 0 since the associated topicId changed from null to 00k-5AuJTqGrfQ53lpk7HQ
2024-03-08 15:59:30,260 INFO o.a.k.c.Metadata [org.springframework.kafka.KafkaListenerEndpointContainer#3-0-C-1] [Consumer clientId=consumer-gpb-2, groupId=gpb] Resetting the last seen epoch of partition gpb_game_unfollow-0 to 0 since the associated topicId changed from null to 8_VeJcKrSGapWz24Ql6mvQ
2024-03-08 15:59:30,265 INFO o.a.k.c.Metadata [org.springframework.kafka.KafkaListenerEndpointContainer#2-0-C-1] [Consumer clientId=consumer-gpb-1, groupId=gpb] Cluster ID: p0BJWlJsRyu3gV7xZ_kURA
2024-03-08 15:59:30,265 INFO o.a.k.c.Metadata [org.springframework.kafka.KafkaListenerEndpointContainer#1-0-C-1] [Consumer clientId=consumer-gpb-4, groupId=gpb] Cluster ID: p0BJWlJsRyu3gV7xZ_kURA
2024-03-08 15:59:30,265 INFO o.a.k.c.Metadata [org.springframework.kafka.KafkaListenerEndpointContainer#3-0-C-1] [Consumer clientId=consumer-gpb-2, groupId=gpb] Cluster ID: p0BJWlJsRyu3gV7xZ_kURA
2024-03-08 15:59:30,265 INFO o.a.k.c.Metadata [org.springframework.kafka.KafkaListenerEndpointContainer#0-0-C-1] [Consumer clientId=consumer-gpb-3, groupId=gpb] Cluster ID: p0BJWlJsRyu3gV7xZ_kURA
2024-03-08 15:59:30,267 INFO o.a.k.c.c.i.AbstractCoordinator$FindCoordinatorResponseHandler [org.springframework.kafka.KafkaListenerEndpointContainer#2-0-C-1] [Consumer clientId=consumer-gpb-1, groupId=gpb] Discovered group coordinator localhost:9092 (id: 2147482646 rack: null)
2024-03-08 15:59:30,267 INFO o.a.k.c.c.i.AbstractCoordinator$FindCoordinatorResponseHandler [org.springframework.kafka.KafkaListenerEndpointContainer#3-0-C-1] [Consumer clientId=consumer-gpb-2, groupId=gpb] Discovered group coordinator localhost:9092 (id: 2147482646 rack: null)
2024-03-08 15:59:30,267 INFO o.a.k.c.c.i.AbstractCoordinator$FindCoordinatorResponseHandler [org.springframework.kafka.KafkaListenerEndpointContainer#0-0-C-1] [Consumer clientId=consumer-gpb-3, groupId=gpb] Discovered group coordinator localhost:9092 (id: 2147482646 rack: null)
2024-03-08 15:59:30,267 INFO o.a.k.c.c.i.AbstractCoordinator$FindCoordinatorResponseHandler [org.springframework.kafka.KafkaListenerEndpointContainer#1-0-C-1] [Consumer clientId=consumer-gpb-4, groupId=gpb] Discovered group coordinator localhost:9092 (id: 2147482646 rack: null)
2024-03-08 15:59:30,269 INFO o.a.k.c.c.i.AbstractCoordinator [org.springframework.kafka.KafkaListenerEndpointContainer#2-0-C-1] [Consumer clientId=consumer-gpb-1, groupId=gpb] (Re-)joining group
2024-03-08 15:59:30,269 INFO o.a.k.c.c.i.AbstractCoordinator [org.springframework.kafka.KafkaListenerEndpointContainer#0-0-C-1] [Consumer clientId=consumer-gpb-3, groupId=gpb] (Re-)joining group
2024-03-08 15:59:30,269 INFO o.a.k.c.c.i.AbstractCoordinator [org.springframework.kafka.KafkaListenerEndpointContainer#1-0-C-1] [Consumer clientId=consumer-gpb-4, groupId=gpb] (Re-)joining group
2024-03-08 15:59:30,269 INFO o.a.k.c.c.i.AbstractCoordinator [org.springframework.kafka.KafkaListenerEndpointContainer#3-0-C-1] [Consumer clientId=consumer-gpb-2, groupId=gpb] (Re-)joining group
2024-03-08 15:59:30,281 INFO o.a.k.c.c.i.AbstractCoordinator [org.springframework.kafka.KafkaListenerEndpointContainer#1-0-C-1] [Consumer clientId=consumer-gpb-4, groupId=gpb] Request joining group due to: need to re-join with the given member-id: consumer-gpb-4-4f5458bb-9681-4967-af24-b069852d2cf3
2024-03-08 15:59:30,281 INFO o.a.k.c.c.i.AbstractCoordinator [org.springframework.kafka.KafkaListenerEndpointContainer#0-0-C-1] [Consumer clientId=consumer-gpb-3, groupId=gpb] Request joining group due to: need to re-join with the given member-id: consumer-gpb-3-0ffccebf-a583-4ec7-acf5-a17e9c47bc96
2024-03-08 15:59:30,281 INFO o.a.k.c.c.i.AbstractCoordinator [org.springframework.kafka.KafkaListenerEndpointContainer#2-0-C-1] [Consumer clientId=consumer-gpb-1, groupId=gpb] Request joining group due to: need to re-join with the given member-id: consumer-gpb-1-59d8f2ff-f5cb-464e-9bec-2e14dfbd747b
2024-03-08 15:59:30,281 INFO o.a.k.c.c.i.AbstractCoordinator [org.springframework.kafka.KafkaListenerEndpointContainer#3-0-C-1] [Consumer clientId=consumer-gpb-2, groupId=gpb] Request joining group due to: need to re-join with the given member-id: consumer-gpb-2-b66a55cb-96b4-4eb6-b15d-573eb878ea54
2024-03-08 15:59:30,281 INFO o.a.k.c.c.i.AbstractCoordinator [org.springframework.kafka.KafkaListenerEndpointContainer#0-0-C-1] [Consumer clientId=consumer-gpb-3, groupId=gpb] Request joining group due to: rebalance failed due to 'The group member needs to have a valid member id before actually entering a consumer group.' (MemberIdRequiredException)
2024-03-08 15:59:30,281 INFO o.a.k.c.c.i.AbstractCoordinator [org.springframework.kafka.KafkaListenerEndpointContainer#1-0-C-1] [Consumer clientId=consumer-gpb-4, groupId=gpb] Request joining group due to: rebalance failed due to 'The group member needs to have a valid member id before actually entering a consumer group.' (MemberIdRequiredException)
2024-03-08 15:59:30,281 INFO o.a.k.c.c.i.AbstractCoordinator [org.springframework.kafka.KafkaListenerEndpointContainer#3-0-C-1] [Consumer clientId=consumer-gpb-2, groupId=gpb] Request joining group due to: rebalance failed due to 'The group member needs to have a valid member id before actually entering a consumer group.' (MemberIdRequiredException)
2024-03-08 15:59:30,281 INFO o.a.k.c.c.i.AbstractCoordinator [org.springframework.kafka.KafkaListenerEndpointContainer#2-0-C-1] [Consumer clientId=consumer-gpb-1, groupId=gpb] Request joining group due to: rebalance failed due to 'The group member needs to have a valid member id before actually entering a consumer group.' (MemberIdRequiredException)
2024-03-08 15:59:30,282 INFO o.a.k.c.c.i.AbstractCoordinator [org.springframework.kafka.KafkaListenerEndpointContainer#0-0-C-1] [Consumer clientId=consumer-gpb-3, groupId=gpb] (Re-)joining group
2024-03-08 15:59:30,282 INFO o.a.k.c.c.i.AbstractCoordinator [org.springframework.kafka.KafkaListenerEndpointContainer#1-0-C-1] [Consumer clientId=consumer-gpb-4, groupId=gpb] (Re-)joining group
2024-03-08 15:59:30,282 INFO o.a.k.c.c.i.AbstractCoordinator [org.springframework.kafka.KafkaListenerEndpointContainer#3-0-C-1] [Consumer clientId=consumer-gpb-2, groupId=gpb] (Re-)joining group
2024-03-08 15:59:30,282 INFO o.a.k.c.c.i.AbstractCoordinator [org.springframework.kafka.KafkaListenerEndpointContainer#2-0-C-1] [Consumer clientId=consumer-gpb-1, groupId=gpb] (Re-)joining group
2024-03-08 15:59:31,667 INFO o.a.k.c.c.i.AbstractCoordinator$JoinGroupResponseHandler [org.springframework.kafka.KafkaListenerEndpointContainer#0-0-C-1] [Consumer clientId=consumer-gpb-3, groupId=gpb] Successfully joined group with generation Generation{generationId=229, memberId='consumer-gpb-3-0ffccebf-a583-4ec7-acf5-a17e9c47bc96', protocol='range'}
2024-03-08 15:59:31,667 INFO o.a.k.c.c.i.AbstractCoordinator$JoinGroupResponseHandler [org.springframework.kafka.KafkaListenerEndpointContainer#1-0-C-1] [Consumer clientId=consumer-gpb-4, groupId=gpb] Successfully joined group with generation Generation{generationId=229, memberId='consumer-gpb-4-4f5458bb-9681-4967-af24-b069852d2cf3', protocol='range'}
2024-03-08 15:59:31,667 INFO o.a.k.c.c.i.AbstractCoordinator$JoinGroupResponseHandler [org.springframework.kafka.KafkaListenerEndpointContainer#2-0-C-1] [Consumer clientId=consumer-gpb-1, groupId=gpb] Successfully joined group with generation Generation{generationId=229, memberId='consumer-gpb-1-59d8f2ff-f5cb-464e-9bec-2e14dfbd747b', protocol='range'}
2024-03-08 15:59:31,667 INFO o.a.k.c.c.i.AbstractCoordinator$JoinGroupResponseHandler [org.springframework.kafka.KafkaListenerEndpointContainer#3-0-C-1] [Consumer clientId=consumer-gpb-2, groupId=gpb] Successfully joined group with generation Generation{generationId=229, memberId='consumer-gpb-2-b66a55cb-96b4-4eb6-b15d-573eb878ea54', protocol='range'}
2024-03-08 15:59:31,680 INFO o.a.k.c.c.i.AbstractCoordinator$SyncGroupResponseHandler [org.springframework.kafka.KafkaListenerEndpointContainer#1-0-C-1] [Consumer clientId=consumer-gpb-4, groupId=gpb] Successfully synced group in generation Generation{generationId=229, memberId='consumer-gpb-4-4f5458bb-9681-4967-af24-b069852d2cf3', protocol='range'}
2024-03-08 15:59:31,680 INFO o.a.k.c.c.i.AbstractCoordinator$SyncGroupResponseHandler [org.springframework.kafka.KafkaListenerEndpointContainer#2-0-C-1] [Consumer clientId=consumer-gpb-1, groupId=gpb] Successfully synced group in generation Generation{generationId=229, memberId='consumer-gpb-1-59d8f2ff-f5cb-464e-9bec-2e14dfbd747b', protocol='range'}
2024-03-08 15:59:31,680 INFO o.a.k.c.c.i.AbstractCoordinator$SyncGroupResponseHandler [org.springframework.kafka.KafkaListenerEndpointContainer#3-0-C-1] [Consumer clientId=consumer-gpb-2, groupId=gpb] Successfully synced group in generation Generation{generationId=229, memberId='consumer-gpb-2-b66a55cb-96b4-4eb6-b15d-573eb878ea54', protocol='range'}
2024-03-08 15:59:31,680 INFO o.a.k.c.c.i.AbstractCoordinator$SyncGroupResponseHandler [org.springframework.kafka.KafkaListenerEndpointContainer#0-0-C-1] [Consumer clientId=consumer-gpb-3, groupId=gpb] Successfully synced group in generation Generation{generationId=229, memberId='consumer-gpb-3-0ffccebf-a583-4ec7-acf5-a17e9c47bc96', protocol='range'}
2024-03-08 15:59:31,682 INFO o.a.k.c.c.i.ConsumerCoordinator [org.springframework.kafka.KafkaListenerEndpointContainer#2-0-C-1] [Consumer clientId=consumer-gpb-1, groupId=gpb] Notifying assignor about the new Assignment(partitions=[gpb_game_follow-0])
2024-03-08 15:59:31,682 INFO o.a.k.c.c.i.ConsumerCoordinator [org.springframework.kafka.KafkaListenerEndpointContainer#1-0-C-1] [Consumer clientId=consumer-gpb-4, groupId=gpb] Notifying assignor about the new Assignment(partitions=[gpb_game_url_search_request-0])
2024-03-08 15:59:31,682 INFO o.a.k.c.c.i.ConsumerCoordinator [org.springframework.kafka.KafkaListenerEndpointContainer#0-0-C-1] [Consumer clientId=consumer-gpb-3, groupId=gpb] Notifying assignor about the new Assignment(partitions=[gpb_game_name_search_request-0])
2024-03-08 15:59:31,682 INFO o.a.k.c.c.i.ConsumerCoordinator [org.springframework.kafka.KafkaListenerEndpointContainer#3-0-C-1] [Consumer clientId=consumer-gpb-2, groupId=gpb] Notifying assignor about the new Assignment(partitions=[gpb_game_unfollow-0])
2024-03-08 15:59:31,683 INFO o.a.k.c.c.i.ConsumerCoordinator [org.springframework.kafka.KafkaListenerEndpointContainer#2-0-C-1] [Consumer clientId=consumer-gpb-1, groupId=gpb] Adding newly assigned partitions: gpb_game_follow-0
2024-03-08 15:59:31,683 INFO o.a.k.c.c.i.ConsumerCoordinator [org.springframework.kafka.KafkaListenerEndpointContainer#1-0-C-1] [Consumer clientId=consumer-gpb-4, groupId=gpb] Adding newly assigned partitions: gpb_game_url_search_request-0
2024-03-08 15:59:31,683 INFO o.a.k.c.c.i.ConsumerCoordinator [org.springframework.kafka.KafkaListenerEndpointContainer#0-0-C-1] [Consumer clientId=consumer-gpb-3, groupId=gpb] Adding newly assigned partitions: gpb_game_name_search_request-0
2024-03-08 15:59:31,683 INFO o.a.k.c.c.i.ConsumerCoordinator [org.springframework.kafka.KafkaListenerEndpointContainer#3-0-C-1] [Consumer clientId=consumer-gpb-2, groupId=gpb] Adding newly assigned partitions: gpb_game_unfollow-0
2024-03-08 15:59:31,692 INFO o.a.k.c.c.i.ConsumerCoordinator [org.springframework.kafka.KafkaListenerEndpointContainer#3-0-C-1] [Consumer clientId=consumer-gpb-2, groupId=gpb] Setting offset for partition gpb_game_unfollow-0 to the committed offset FetchPosition{offset=1, offsetEpoch=Optional.empty, currentLeader=LeaderAndEpoch{leader=Optional[localhost:9092 (id: 1001 rack: null)], epoch=0}}
2024-03-08 15:59:31,692 INFO o.a.k.c.c.i.ConsumerCoordinator [org.springframework.kafka.KafkaListenerEndpointContainer#2-0-C-1] [Consumer clientId=consumer-gpb-1, groupId=gpb] Setting offset for partition gpb_game_follow-0 to the committed offset FetchPosition{offset=6, offsetEpoch=Optional.empty, currentLeader=LeaderAndEpoch{leader=Optional[localhost:9092 (id: 1001 rack: null)], epoch=0}}
2024-03-08 15:59:31,692 INFO o.a.k.c.c.i.ConsumerCoordinator [org.springframework.kafka.KafkaListenerEndpointContainer#1-0-C-1] [Consumer clientId=consumer-gpb-4, groupId=gpb] Setting offset for partition gpb_game_url_search_request-0 to the committed offset FetchPosition{offset=0, offsetEpoch=Optional.empty, currentLeader=LeaderAndEpoch{leader=Optional[localhost:9092 (id: 1001 rack: null)], epoch=0}}
2024-03-08 15:59:31,692 INFO o.a.k.c.c.i.ConsumerCoordinator [org.springframework.kafka.KafkaListenerEndpointContainer#0-0-C-1] [Consumer clientId=consumer-gpb-3, groupId=gpb] Setting offset for partition gpb_game_name_search_request-0 to the committed offset FetchPosition{offset=521, offsetEpoch=Optional.empty, currentLeader=LeaderAndEpoch{leader=Optional[localhost:9092 (id: 1001 rack: null)], epoch=0}}
2024-03-08 15:59:31,693 INFO o.s.c.l.LogAccessor [org.springframework.kafka.KafkaListenerEndpointContainer#3-0-C-1] gpb: partitions assigned: [gpb_game_unfollow-0]
2024-03-08 15:59:31,693 INFO o.s.c.l.LogAccessor [org.springframework.kafka.KafkaListenerEndpointContainer#0-0-C-1] gpb: partitions assigned: [gpb_game_name_search_request-0]
2024-03-08 15:59:31,693 INFO o.s.c.l.LogAccessor [org.springframework.kafka.KafkaListenerEndpointContainer#1-0-C-1] gpb: partitions assigned: [gpb_game_url_search_request-0]
2024-03-08 15:59:31,693 INFO o.s.c.l.LogAccessor [org.springframework.kafka.KafkaListenerEndpointContainer#2-0-C-1] gpb: partitions assigned: [gpb_game_follow-0]
2024-03-08 15:59:31,719 INFO c.g.w.l.GameRequestListener [org.springframework.kafka.KafkaListenerEndpointContainer#2-0-C-1] Request 'f1b35398-32c3-4d34-aed7-7e493468455a' for follow for game '149'
2024-03-08 15:59:31,719 INFO c.g.w.s.i.GameServiceImpl [org.springframework.kafka.KafkaListenerEndpointContainer#2-0-C-1] Get game by id : 149
2024-03-08 15:59:31,757 INFO c.g.w.s.i.s.GamazeyStoreService [org.springframework.kafka.KafkaListenerEndpointContainer#2-0-C-1] Add to wish list of gamazey store game by url :'https://gamazey.com.ua/games/steam/cities-in-motion-metro-stations'
2024-03-08 15:59:31,757 INFO c.g.w.s.i.s.GamazeyStoreService [org.springframework.kafka.KafkaListenerEndpointContainer#2-0-C-1] Login in gamazey store
2024-03-08 15:59:32,786 WARN o.o.s.d.CdpVersionFinder [org.springframework.kafka.KafkaListenerEndpointContainer#2-0-C-1] Unable to find CDP implementation matching 112
2024-03-08 15:59:32,786 WARN o.o.s.c.ChromiumDriver [org.springframework.kafka.KafkaListenerEndpointContainer#2-0-C-1] Unable to find version of CDP to use for . You may need to include a dependency on a specific version of the CDP using something similar to `org.seleniumhq.selenium:selenium-devtools-v86:4.5.3` where the version ("v86") matches the version of the chromium-based browser you're using and the version number of the artifact is the same as Selenium's.
2024-03-08 15:59:38,548 INFO o.a.k.c.c.KafkaConsumer [org.springframework.kafka.KafkaListenerEndpointContainer#2-0-C-1] [Consumer clientId=consumer-gpb-1, groupId=gpb] Seeking to offset 6 for partition gpb_game_follow-0
2024-03-08 15:59:38,549 ERROR o.s.c.l.LogAccessor [org.springframework.kafka.KafkaListenerEndpointContainer#2-0-C-1] Error handler threw an exception
org.springframework.kafka.KafkaException: Seek to current after exception
	at org.springframework.kafka.listener.SeekUtils.seekOrRecover(SeekUtils.java:208) ~[spring-kafka-3.0.4.jar:3.0.4]
	at org.springframework.kafka.listener.DefaultErrorHandler.handleRemaining(DefaultErrorHandler.java:174) ~[spring-kafka-3.0.4.jar:3.0.4]
	at org.springframework.kafka.listener.KafkaMessageListenerContainer$ListenerConsumer.invokeErrorHandler(KafkaMessageListenerContainer.java:2916) ~[spring-kafka-3.0.4.jar:3.0.4]
	at org.springframework.kafka.listener.KafkaMessageListenerContainer$ListenerConsumer.lambda$doInvokeRecordListener$56(KafkaMessageListenerContainer.java:2794) ~[spring-kafka-3.0.4.jar:3.0.4]
	at io.micrometer.observation.Observation.observe(Observation.java:559) ~[micrometer-observation-1.10.4.jar:1.10.4]
	at org.springframework.kafka.listener.KafkaMessageListenerContainer$ListenerConsumer.doInvokeRecordListener(KafkaMessageListenerContainer.java:2781) ~[spring-kafka-3.0.4.jar:3.0.4]
	at org.springframework.kafka.listener.KafkaMessageListenerContainer$ListenerConsumer.doInvokeWithRecords(KafkaMessageListenerContainer.java:2633) ~[spring-kafka-3.0.4.jar:3.0.4]
	at org.springframework.kafka.listener.KafkaMessageListenerContainer$ListenerConsumer.invokeRecordListener(KafkaMessageListenerContainer.java:2519) ~[spring-kafka-3.0.4.jar:3.0.4]
	at org.springframework.kafka.listener.KafkaMessageListenerContainer$ListenerConsumer.invokeListener(KafkaMessageListenerContainer.java:2171) ~[spring-kafka-3.0.4.jar:3.0.4]
	at org.springframework.kafka.listener.KafkaMessageListenerContainer$ListenerConsumer.invokeIfHaveRecords(KafkaMessageListenerContainer.java:1526) ~[spring-kafka-3.0.4.jar:3.0.4]
	at org.springframework.kafka.listener.KafkaMessageListenerContainer$ListenerConsumer.pollAndInvoke(KafkaMessageListenerContainer.java:1490) ~[spring-kafka-3.0.4.jar:3.0.4]
	at org.springframework.kafka.listener.KafkaMessageListenerContainer$ListenerConsumer.run(KafkaMessageListenerContainer.java:1365) ~[spring-kafka-3.0.4.jar:3.0.4]
	at java.util.concurrent.CompletableFuture$AsyncRun.run(CompletableFuture.java:1804) ~[?:?]
	at java.lang.Thread.run(Thread.java:1623) ~[?:?]
Caused by: org.springframework.kafka.listener.ListenerExecutionFailedException: Listener method 'public void com.gpb.web.listener.GameRequestListener.listenGameFollow(org.apache.kafka.clients.consumer.ConsumerRecord<java.lang.String, java.lang.Long>)' threw exception
	at org.springframework.kafka.listener.KafkaMessageListenerContainer$ListenerConsumer.decorateException(KafkaMessageListenerContainer.java:2949) ~[spring-kafka-3.0.4.jar:3.0.4]
	at org.springframework.kafka.listener.KafkaMessageListenerContainer$ListenerConsumer.doInvokeOnMessage(KafkaMessageListenerContainer.java:2894) ~[spring-kafka-3.0.4.jar:3.0.4]
	at org.springframework.kafka.listener.KafkaMessageListenerContainer$ListenerConsumer.invokeOnMessage(KafkaMessageListenerContainer.java:2860) ~[spring-kafka-3.0.4.jar:3.0.4]
	at org.springframework.kafka.listener.KafkaMessageListenerContainer$ListenerConsumer.lambda$doInvokeRecordListener$56(KafkaMessageListenerContainer.java:2783) ~[spring-kafka-3.0.4.jar:3.0.4]
	... 10 more
	Suppressed: org.springframework.kafka.listener.ListenerExecutionFailedException: Restored Stack Trace
		at org.springframework.kafka.listener.adapter.MessagingMessageListenerAdapter.invokeHandler(MessagingMessageListenerAdapter.java:382) ~[spring-kafka-3.0.4.jar:3.0.4]
		at org.springframework.kafka.listener.adapter.RecordMessagingMessageListenerAdapter.onMessage(RecordMessagingMessageListenerAdapter.java:92) ~[spring-kafka-3.0.4.jar:3.0.4]
		at org.springframework.kafka.listener.adapter.RecordMessagingMessageListenerAdapter.onMessage(RecordMessagingMessageListenerAdapter.java:53) ~[spring-kafka-3.0.4.jar:3.0.4]
		at org.springframework.kafka.listener.KafkaMessageListenerContainer$ListenerConsumer.doInvokeOnMessage(KafkaMessageListenerContainer.java:2880) ~[spring-kafka-3.0.4.jar:3.0.4]
Caused by: org.openqa.selenium.NoSuchElementException: no such element: Unable to locate element: {"method":"css selector","selector":"#emailLoginInput"}
  (Session info: chrome=112.0.5615.50)
For documentation on this error, please visit: https://selenium.dev/exceptions/#no_such_element
Build info: version: '4.5.3', revision: '4b786a1e430'
System info: os.name: 'Windows 11', os.arch: 'amd64', os.version: '10.0', java.version: '20.0.2'
Driver info: org.openqa.selenium.chrome.ChromeDriver
Command: [fc008c4e130231d4e887b6b53aebaffa, findElement {using=id, value=emailLoginInput}]
Capabilities {acceptInsecureCerts: false, browserName: chrome, browserVersion: 112.0.5615.50, chrome: {chromedriverVersion: 112.0.5615.49 (bd2a7bcb881c..., userDataDir: C:\Users\jedik\AppData\Loca...}, goog:chromeOptions: {debuggerAddress: localhost:10578}, networkConnectionEnabled: false, pageLoadStrategy: normal, platformName: WINDOWS, proxy: Proxy(), se:cdp: ws://localhost:10578/devtoo..., se:cdpVersion: 112.0.5615.50, setWindowRect: true, strictFileInteractability: false, timeouts: {implicit: 0, pageLoad: 300000, script: 30000}, unhandledPromptBehavior: dismiss and notify, webauthn:extension:credBlob: true, webauthn:extension:largeBlob: true, webauthn:extension:minPinLength: true, webauthn:extension:prf: true, webauthn:virtualAuthenticators: true}
Session ID: fc008c4e130231d4e887b6b53aebaffa
	at jdk.internal.reflect.DirectConstructorHandleAccessor.newInstance(DirectConstructorHandleAccessor.java:67) ~[?:?]
	at java.lang.reflect.Constructor.newInstanceWithCaller(Constructor.java:500) ~[?:?]
	at java.lang.reflect.Constructor.newInstance(Constructor.java:484) ~[?:?]
	at org.openqa.selenium.remote.codec.w3c.W3CHttpResponseCodec.createException(W3CHttpResponseCodec.java:200) ~[selenium-remote-driver-4.5.3.jar:?]
	at org.openqa.selenium.remote.codec.w3c.W3CHttpResponseCodec.decode(W3CHttpResponseCodec.java:133) ~[selenium-remote-driver-4.5.3.jar:?]
	at org.openqa.selenium.remote.codec.w3c.W3CHttpResponseCodec.decode(W3CHttpResponseCodec.java:53) ~[selenium-remote-driver-4.5.3.jar:?]
	at org.openqa.selenium.remote.HttpCommandExecutor.execute(HttpCommandExecutor.java:184) ~[selenium-remote-driver-4.5.3.jar:?]
	at org.openqa.selenium.remote.service.DriverCommandExecutor.invokeExecute(DriverCommandExecutor.java:167) ~[selenium-remote-driver-4.5.3.jar:?]
	at org.openqa.selenium.remote.service.DriverCommandExecutor.execute(DriverCommandExecutor.java:142) ~[selenium-remote-driver-4.5.3.jar:?]
	at org.openqa.selenium.remote.RemoteWebDriver.execute(RemoteWebDriver.java:541) ~[selenium-remote-driver-4.5.3.jar:?]
	at org.openqa.selenium.remote.ElementLocation$ElementFinder$2.findElement(ElementLocation.java:162) ~[selenium-remote-driver-4.5.3.jar:?]
	at org.openqa.selenium.remote.ElementLocation.findElement(ElementLocation.java:66) ~[selenium-remote-driver-4.5.3.jar:?]
	at org.openqa.selenium.remote.RemoteWebDriver.findElement(RemoteWebDriver.java:365) ~[selenium-remote-driver-4.5.3.jar:?]
	at org.openqa.selenium.remote.RemoteWebDriver.findElement(RemoteWebDriver.java:357) ~[selenium-remote-driver-4.5.3.jar:?]
	at com.gpb.web.service.impl.store.GamazeyStoreService.login(GamazeyStoreService.java:231) ~[main/:?]
	at com.gpb.web.service.impl.store.GamazeyStoreService.subscribeToGame(GamazeyStoreService.java:148) ~[main/:?]
	at com.gpb.web.service.impl.GameStoresServiceImpl.subscribeToGame(GameStoresServiceImpl.java:71) ~[main/:?]
	at com.gpb.web.listener.GameRequestListener.listenGameFollow(GameRequestListener.java:73) ~[main/:?]
	at jdk.internal.reflect.DirectMethodHandleAccessor.invoke(DirectMethodHandleAccessor.java:104) ~[?:?]
	at java.lang.reflect.Method.invoke(Method.java:578) ~[?:?]
	at org.springframework.aop.support.AopUtils.invokeJoinpointUsingReflection(AopUtils.java:343) ~[spring-aop-6.0.6.jar:6.0.6]
	at org.springframework.aop.framework.ReflectiveMethodInvocation.invokeJoinpoint(ReflectiveMethodInvocation.java:196) ~[spring-aop-6.0.6.jar:6.0.6]
	at org.springframework.aop.framework.ReflectiveMethodInvocation.proceed(ReflectiveMethodInvocation.java:163) ~[spring-aop-6.0.6.jar:6.0.6]
	at org.springframework.aop.framework.CglibAopProxy$CglibMethodInvocation.proceed(CglibAopProxy.java:750) ~[spring-aop-6.0.6.jar:6.0.6]
	at org.springframework.transaction.interceptor.TransactionInterceptor$1.proceedWithInvocation(TransactionInterceptor.java:123) ~[spring-tx-6.0.6.jar:6.0.6]
	at org.springframework.transaction.interceptor.TransactionAspectSupport.invokeWithinTransaction(TransactionAspectSupport.java:390) ~[spring-tx-6.0.6.jar:6.0.6]
	at org.springframework.transaction.interceptor.TransactionInterceptor.invoke(TransactionInterceptor.java:119) ~[spring-tx-6.0.6.jar:6.0.6]
	at org.springframework.aop.framework.ReflectiveMethodInvocation.proceed(ReflectiveMethodInvocation.java:184) ~[spring-aop-6.0.6.jar:6.0.6]
	at org.springframework.aop.framework.CglibAopProxy$CglibMethodInvocation.proceed(CglibAopProxy.java:750) ~[spring-aop-6.0.6.jar:6.0.6]
	at org.springframework.aop.framework.CglibAopProxy$DynamicAdvisedInterceptor.intercept(CglibAopProxy.java:702) ~[spring-aop-6.0.6.jar:6.0.6]
	at com.gpb.web.listener.GameRequestListener$$SpringCGLIB$$0.listenGameFollow(<generated>) ~[main/:?]
	at jdk.internal.reflect.DirectMethodHandleAccessor.invoke(DirectMethodHandleAccessor.java:104) ~[?:?]
	at java.lang.reflect.Method.invoke(Method.java:578) ~[?:?]
	at org.springframework.messaging.handler.invocation.InvocableHandlerMethod.doInvoke(InvocableHandlerMethod.java:169) ~[spring-messaging-6.0.6.jar:6.0.6]
	at org.springframework.messaging.handler.invocation.InvocableHandlerMethod.invoke(InvocableHandlerMethod.java:119) ~[spring-messaging-6.0.6.jar:6.0.6]
	at org.springframework.kafka.listener.adapter.HandlerAdapter.invoke(HandlerAdapter.java:56) ~[spring-kafka-3.0.4.jar:3.0.4]
	at org.springframework.kafka.listener.adapter.MessagingMessageListenerAdapter.invokeHandler(MessagingMessageListenerAdapter.java:366) ~[spring-kafka-3.0.4.jar:3.0.4]
	at org.springframework.kafka.listener.adapter.RecordMessagingMessageListenerAdapter.onMessage(RecordMessagingMessageListenerAdapter.java:92) ~[spring-kafka-3.0.4.jar:3.0.4]
	at org.springframework.kafka.listener.adapter.RecordMessagingMessageListenerAdapter.onMessage(RecordMessagingMessageListenerAdapter.java:53) ~[spring-kafka-3.0.4.jar:3.0.4]
	at org.springframework.kafka.listener.KafkaMessageListenerContainer$ListenerConsumer.doInvokeOnMessage(KafkaMessageListenerContainer.java:2880) ~[spring-kafka-3.0.4.jar:3.0.4]
	at org.springframework.kafka.listener.KafkaMessageListenerContainer$ListenerConsumer.invokeOnMessage(KafkaMessageListenerContainer.java:2860) ~[spring-kafka-3.0.4.jar:3.0.4]
	at org.springframework.kafka.listener.KafkaMessageListenerContainer$ListenerConsumer.lambda$doInvokeRecordListener$56(KafkaMessageListenerContainer.java:2783) ~[spring-kafka-3.0.4.jar:3.0.4]
	... 10 more
2024-03-08 15:59:38,555 INFO c.g.w.l.GameRequestListener [org.springframework.kafka.KafkaListenerEndpointContainer#2-0-C-1] Request 'f1b35398-32c3-4d34-aed7-7e493468455a' for follow for game '149'
2024-03-08 15:59:38,556 INFO c.g.w.s.i.GameServiceImpl [org.springframework.kafka.KafkaListenerEndpointContainer#2-0-C-1] Get game by id : 149
2024-03-08 15:59:38,557 INFO c.g.w.s.i.s.GamazeyStoreService [org.springframework.kafka.KafkaListenerEndpointContainer#2-0-C-1] Add to wish list of gamazey store game by url :'https://gamazey.com.ua/games/steam/cities-in-motion-metro-stations'
2024-03-08 15:59:38,557 INFO c.g.w.s.i.s.GamazeyStoreService [org.springframework.kafka.KafkaListenerEndpointContainer#2-0-C-1] Login in gamazey store
2024-03-08 15:59:39,076 WARN o.o.s.d.CdpVersionFinder [org.springframework.kafka.KafkaListenerEndpointContainer#2-0-C-1] Unable to find CDP implementation matching 112
2024-03-08 15:59:39,076 WARN o.o.s.c.ChromiumDriver [org.springframework.kafka.KafkaListenerEndpointContainer#2-0-C-1] Unable to find version of CDP to use for . You may need to include a dependency on a specific version of the CDP using something similar to `org.seleniumhq.selenium:selenium-devtools-v86:4.5.3` where the version ("v86") matches the version of the chromium-based browser you're using and the version number of the artifact is the same as Selenium's.
2024-03-08 15:59:44,390 INFO o.a.k.c.c.KafkaConsumer [org.springframework.kafka.KafkaListenerEndpointContainer#2-0-C-1] [Consumer clientId=consumer-gpb-1, groupId=gpb] Seeking to offset 6 for partition gpb_game_follow-0
2024-03-08 15:59:44,390 ERROR o.s.c.l.LogAccessor [org.springframework.kafka.KafkaListenerEndpointContainer#2-0-C-1] Error handler threw an exception
org.springframework.kafka.KafkaException: Seek to current after exception
	at org.springframework.kafka.listener.SeekUtils.seekOrRecover(SeekUtils.java:208) ~[spring-kafka-3.0.4.jar:3.0.4]
	at org.springframework.kafka.listener.DefaultErrorHandler.handleRemaining(DefaultErrorHandler.java:174) ~[spring-kafka-3.0.4.jar:3.0.4]
	at org.springframework.kafka.listener.KafkaMessageListenerContainer$ListenerConsumer.invokeErrorHandler(KafkaMessageListenerContainer.java:2916) ~[spring-kafka-3.0.4.jar:3.0.4]
	at org.springframework.kafka.listener.KafkaMessageListenerContainer$ListenerConsumer.lambda$doInvokeRecordListener$56(KafkaMessageListenerContainer.java:2794) ~[spring-kafka-3.0.4.jar:3.0.4]
	at io.micrometer.observation.Observation.observe(Observation.java:559) ~[micrometer-observation-1.10.4.jar:1.10.4]
	at org.springframework.kafka.listener.KafkaMessageListenerContainer$ListenerConsumer.doInvokeRecordListener(KafkaMessageListenerContainer.java:2781) ~[spring-kafka-3.0.4.jar:3.0.4]
	at org.springframework.kafka.listener.KafkaMessageListenerContainer$ListenerConsumer.doInvokeWithRecords(KafkaMessageListenerContainer.java:2633) ~[spring-kafka-3.0.4.jar:3.0.4]
	at org.springframework.kafka.listener.KafkaMessageListenerContainer$ListenerConsumer.invokeRecordListener(KafkaMessageListenerContainer.java:2519) ~[spring-kafka-3.0.4.jar:3.0.4]
	at org.springframework.kafka.listener.KafkaMessageListenerContainer$ListenerConsumer.invokeListener(KafkaMessageListenerContainer.java:2171) ~[spring-kafka-3.0.4.jar:3.0.4]
	at org.springframework.kafka.listener.KafkaMessageListenerContainer$ListenerConsumer.invokeIfHaveRecords(KafkaMessageListenerContainer.java:1526) ~[spring-kafka-3.0.4.jar:3.0.4]
	at org.springframework.kafka.listener.KafkaMessageListenerContainer$ListenerConsumer.pollAndInvoke(KafkaMessageListenerContainer.java:1490) ~[spring-kafka-3.0.4.jar:3.0.4]
	at org.springframework.kafka.listener.KafkaMessageListenerContainer$ListenerConsumer.run(KafkaMessageListenerContainer.java:1365) ~[spring-kafka-3.0.4.jar:3.0.4]
	at java.util.concurrent.CompletableFuture$AsyncRun.run(CompletableFuture.java:1804) ~[?:?]
	at java.lang.Thread.run(Thread.java:1623) ~[?:?]
Caused by: org.springframework.kafka.listener.ListenerExecutionFailedException: Listener method 'public void com.gpb.web.listener.GameRequestListener.listenGameFollow(org.apache.kafka.clients.consumer.ConsumerRecord<java.lang.String, java.lang.Long>)' threw exception
	at org.springframework.kafka.listener.KafkaMessageListenerContainer$ListenerConsumer.decorateException(KafkaMessageListenerContainer.java:2949) ~[spring-kafka-3.0.4.jar:3.0.4]
	at org.springframework.kafka.listener.KafkaMessageListenerContainer$ListenerConsumer.doInvokeOnMessage(KafkaMessageListenerContainer.java:2894) ~[spring-kafka-3.0.4.jar:3.0.4]
	at org.springframework.kafka.listener.KafkaMessageListenerContainer$ListenerConsumer.invokeOnMessage(KafkaMessageListenerContainer.java:2860) ~[spring-kafka-3.0.4.jar:3.0.4]
	at org.springframework.kafka.listener.KafkaMessageListenerContainer$ListenerConsumer.lambda$doInvokeRecordListener$56(KafkaMessageListenerContainer.java:2783) ~[spring-kafka-3.0.4.jar:3.0.4]
	... 10 more
	Suppressed: org.springframework.kafka.listener.ListenerExecutionFailedException: Restored Stack Trace
		at org.springframework.kafka.listener.adapter.MessagingMessageListenerAdapter.invokeHandler(MessagingMessageListenerAdapter.java:382) ~[spring-kafka-3.0.4.jar:3.0.4]
		at org.springframework.kafka.listener.adapter.RecordMessagingMessageListenerAdapter.onMessage(RecordMessagingMessageListenerAdapter.java:92) ~[spring-kafka-3.0.4.jar:3.0.4]
		at org.springframework.kafka.listener.adapter.RecordMessagingMessageListenerAdapter.onMessage(RecordMessagingMessageListenerAdapter.java:53) ~[spring-kafka-3.0.4.jar:3.0.4]
		at org.springframework.kafka.listener.KafkaMessageListenerContainer$ListenerConsumer.doInvokeOnMessage(KafkaMessageListenerContainer.java:2880) ~[spring-kafka-3.0.4.jar:3.0.4]
Caused by: org.openqa.selenium.NoSuchElementException: no such element: Unable to locate element: {"method":"css selector","selector":"#emailLoginInput"}
  (Session info: chrome=112.0.5615.50)
For documentation on this error, please visit: https://selenium.dev/exceptions/#no_such_element
Build info: version: '4.5.3', revision: '4b786a1e430'
System info: os.name: 'Windows 11', os.arch: 'amd64', os.version: '10.0', java.version: '20.0.2'
Driver info: org.openqa.selenium.chrome.ChromeDriver
Command: [cfc9faf2f0eda3186a71238d723421df, findElement {using=id, value=emailLoginInput}]
Capabilities {acceptInsecureCerts: false, browserName: chrome, browserVersion: 112.0.5615.50, chrome: {chromedriverVersion: 112.0.5615.49 (bd2a7bcb881c..., userDataDir: C:\Users\jedik\AppData\Loca...}, goog:chromeOptions: {debuggerAddress: localhost:10607}, networkConnectionEnabled: false, pageLoadStrategy: normal, platformName: WINDOWS, proxy: Proxy(), se:cdp: ws://localhost:10607/devtoo..., se:cdpVersion: 112.0.5615.50, setWindowRect: true, strictFileInteractability: false, timeouts: {implicit: 0, pageLoad: 300000, script: 30000}, unhandledPromptBehavior: dismiss and notify, webauthn:extension:credBlob: true, webauthn:extension:largeBlob: true, webauthn:extension:minPinLength: true, webauthn:extension:prf: true, webauthn:virtualAuthenticators: true}
Session ID: cfc9faf2f0eda3186a71238d723421df
	at jdk.internal.reflect.DirectConstructorHandleAccessor.newInstance(DirectConstructorHandleAccessor.java:67) ~[?:?]
	at java.lang.reflect.Constructor.newInstanceWithCaller(Constructor.java:500) ~[?:?]
	at java.lang.reflect.Constructor.newInstance(Constructor.java:484) ~[?:?]
	at org.openqa.selenium.remote.codec.w3c.W3CHttpResponseCodec.createException(W3CHttpResponseCodec.java:200) ~[selenium-remote-driver-4.5.3.jar:?]
	at org.openqa.selenium.remote.codec.w3c.W3CHttpResponseCodec.decode(W3CHttpResponseCodec.java:133) ~[selenium-remote-driver-4.5.3.jar:?]
	at org.openqa.selenium.remote.codec.w3c.W3CHttpResponseCodec.decode(W3CHttpResponseCodec.java:53) ~[selenium-remote-driver-4.5.3.jar:?]
	at org.openqa.selenium.remote.HttpCommandExecutor.execute(HttpCommandExecutor.java:184) ~[selenium-remote-driver-4.5.3.jar:?]
	at org.openqa.selenium.remote.service.DriverCommandExecutor.invokeExecute(DriverCommandExecutor.java:167) ~[selenium-remote-driver-4.5.3.jar:?]
	at org.openqa.selenium.remote.service.DriverCommandExecutor.execute(DriverCommandExecutor.java:142) ~[selenium-remote-driver-4.5.3.jar:?]
	at org.openqa.selenium.remote.RemoteWebDriver.execute(RemoteWebDriver.java:541) ~[selenium-remote-driver-4.5.3.jar:?]
	at org.openqa.selenium.remote.ElementLocation$ElementFinder$2.findElement(ElementLocation.java:162) ~[selenium-remote-driver-4.5.3.jar:?]
	at org.openqa.selenium.remote.ElementLocation.findElement(ElementLocation.java:66) ~[selenium-remote-driver-4.5.3.jar:?]
	at org.openqa.selenium.remote.RemoteWebDriver.findElement(RemoteWebDriver.java:365) ~[selenium-remote-driver-4.5.3.jar:?]
	at org.openqa.selenium.remote.RemoteWebDriver.findElement(RemoteWebDriver.java:357) ~[selenium-remote-driver-4.5.3.jar:?]
	at com.gpb.web.service.impl.store.GamazeyStoreService.login(GamazeyStoreService.java:231) ~[main/:?]
	at com.gpb.web.service.impl.store.GamazeyStoreService.subscribeToGame(GamazeyStoreService.java:148) ~[main/:?]
	at com.gpb.web.service.impl.GameStoresServiceImpl.subscribeToGame(GameStoresServiceImpl.java:71) ~[main/:?]
	at com.gpb.web.listener.GameRequestListener.listenGameFollow(GameRequestListener.java:73) ~[main/:?]
	at jdk.internal.reflect.DirectMethodHandleAccessor.invoke(DirectMethodHandleAccessor.java:104) ~[?:?]
	at java.lang.reflect.Method.invoke(Method.java:578) ~[?:?]
	at org.springframework.aop.support.AopUtils.invokeJoinpointUsingReflection(AopUtils.java:343) ~[spring-aop-6.0.6.jar:6.0.6]
	at org.springframework.aop.framework.ReflectiveMethodInvocation.invokeJoinpoint(ReflectiveMethodInvocation.java:196) ~[spring-aop-6.0.6.jar:6.0.6]
	at org.springframework.aop.framework.ReflectiveMethodInvocation.proceed(ReflectiveMethodInvocation.java:163) ~[spring-aop-6.0.6.jar:6.0.6]
	at org.springframework.aop.framework.CglibAopProxy$CglibMethodInvocation.proceed(CglibAopProxy.java:750) ~[spring-aop-6.0.6.jar:6.0.6]
	at org.springframework.transaction.interceptor.TransactionInterceptor$1.proceedWithInvocation(TransactionInterceptor.java:123) ~[spring-tx-6.0.6.jar:6.0.6]
	at org.springframework.transaction.interceptor.TransactionAspectSupport.invokeWithinTransaction(TransactionAspectSupport.java:390) ~[spring-tx-6.0.6.jar:6.0.6]
	at org.springframework.transaction.interceptor.TransactionInterceptor.invoke(TransactionInterceptor.java:119) ~[spring-tx-6.0.6.jar:6.0.6]
	at org.springframework.aop.framework.ReflectiveMethodInvocation.proceed(ReflectiveMethodInvocation.java:184) ~[spring-aop-6.0.6.jar:6.0.6]
	at org.springframework.aop.framework.CglibAopProxy$CglibMethodInvocation.proceed(CglibAopProxy.java:750) ~[spring-aop-6.0.6.jar:6.0.6]
	at org.springframework.aop.framework.CglibAopProxy$DynamicAdvisedInterceptor.intercept(CglibAopProxy.java:702) ~[spring-aop-6.0.6.jar:6.0.6]
	at com.gpb.web.listener.GameRequestListener$$SpringCGLIB$$0.listenGameFollow(<generated>) ~[main/:?]
	at jdk.internal.reflect.DirectMethodHandleAccessor.invoke(DirectMethodHandleAccessor.java:104) ~[?:?]
	at java.lang.reflect.Method.invoke(Method.java:578) ~[?:?]
	at org.springframework.messaging.handler.invocation.InvocableHandlerMethod.doInvoke(InvocableHandlerMethod.java:169) ~[spring-messaging-6.0.6.jar:6.0.6]
	at org.springframework.messaging.handler.invocation.InvocableHandlerMethod.invoke(InvocableHandlerMethod.java:119) ~[spring-messaging-6.0.6.jar:6.0.6]
	at org.springframework.kafka.listener.adapter.HandlerAdapter.invoke(HandlerAdapter.java:56) ~[spring-kafka-3.0.4.jar:3.0.4]
	at org.springframework.kafka.listener.adapter.MessagingMessageListenerAdapter.invokeHandler(MessagingMessageListenerAdapter.java:366) ~[spring-kafka-3.0.4.jar:3.0.4]
	at org.springframework.kafka.listener.adapter.RecordMessagingMessageListenerAdapter.onMessage(RecordMessagingMessageListenerAdapter.java:92) ~[spring-kafka-3.0.4.jar:3.0.4]
	at org.springframework.kafka.listener.adapter.RecordMessagingMessageListenerAdapter.onMessage(RecordMessagingMessageListenerAdapter.java:53) ~[spring-kafka-3.0.4.jar:3.0.4]
	at org.springframework.kafka.listener.KafkaMessageListenerContainer$ListenerConsumer.doInvokeOnMessage(KafkaMessageListenerContainer.java:2880) ~[spring-kafka-3.0.4.jar:3.0.4]
	at org.springframework.kafka.listener.KafkaMessageListenerContainer$ListenerConsumer.invokeOnMessage(KafkaMessageListenerContainer.java:2860) ~[spring-kafka-3.0.4.jar:3.0.4]
	at org.springframework.kafka.listener.KafkaMessageListenerContainer$ListenerConsumer.lambda$doInvokeRecordListener$56(KafkaMessageListenerContainer.java:2783) ~[spring-kafka-3.0.4.jar:3.0.4]
	... 10 more
2024-03-08 15:59:44,393 INFO c.g.w.l.GameRequestListener [org.springframework.kafka.KafkaListenerEndpointContainer#2-0-C-1] Request 'f1b35398-32c3-4d34-aed7-7e493468455a' for follow for game '149'
2024-03-08 15:59:44,393 INFO c.g.w.s.i.GameServiceImpl [org.springframework.kafka.KafkaListenerEndpointContainer#2-0-C-1] Get game by id : 149
2024-03-08 15:59:44,394 INFO c.g.w.s.i.s.GamazeyStoreService [org.springframework.kafka.KafkaListenerEndpointContainer#2-0-C-1] Add to wish list of gamazey store game by url :'https://gamazey.com.ua/games/steam/cities-in-motion-metro-stations'
2024-03-08 15:59:44,395 INFO c.g.w.s.i.s.GamazeyStoreService [org.springframework.kafka.KafkaListenerEndpointContainer#2-0-C-1] Login in gamazey store
2024-03-08 15:59:44,975 WARN o.o.s.d.CdpVersionFinder [org.springframework.kafka.KafkaListenerEndpointContainer#2-0-C-1] Unable to find CDP implementation matching 112
2024-03-08 15:59:44,976 WARN o.o.s.c.ChromiumDriver [org.springframework.kafka.KafkaListenerEndpointContainer#2-0-C-1] Unable to find version of CDP to use for . You may need to include a dependency on a specific version of the CDP using something similar to `org.seleniumhq.selenium:selenium-devtools-v86:4.5.3` where the version ("v86") matches the version of the chromium-based browser you're using and the version number of the artifact is the same as Selenium's.
