#
# There is insufficient memory for the Java Runtime Environment to continue.
# Native memory allocation (mmap) failed to map 536870912 bytes for G1 virtual space
# Possible reasons:
#   The system is out of physical RAM or swap space
#   The process is running with CompressedOops enabled, and the Java Heap may be blocking the growth of the native heap
# Possible solutions:
#   Reduce memory load on the system
#   Increase physical memory or swap space
#   Check if swap backing store is full
#   Decrease Java heap size (-Xmx/-Xms)
#   Decrease number of Java threads
#   Decrease Java thread stack sizes (-Xss)
#   Set larger code cache with -XX:ReservedCodeCacheSize=
#   JVM is running with Zero Based Compressed Oops mode in which the Java heap is
#     placed in the first 32GB address space. The Java Heap base address is the
#     maximum limit for the native heap growth. Please use -XX:HeapBaseMinAddress
#     to set the Java Heap base and to place the Java Heap above 32GB virtual address.
# This output file may be truncated or incomplete.
#
#  Out of Memory Error (os_windows.cpp:3528), pid=9992, tid=19592
#
# JRE version:  (20.0.2+9) (build )
# Java VM: Java HotSpot(TM) 64-Bit Server VM (20.0.2+9-78, mixed mode, sharing, tiered, compressed oops, compressed class ptrs, g1 gc, windows-amd64)
# No core dump will be written. Minidumps are not enabled by default on client versions of Windows
#

---------------  S U M M A R Y ------------

Command Line: -Dfile.encoding=windows-1252 -Duser.country=RU -Duser.language=ru -Duser.variant com.gpb.stores.GpbStoresApplication

Host: AMD Ryzen 7 5800X 8-Core Processor             , 16 cores, 31G,  Windows 11 , 64 bit Build 22621 (10.0.22621.2428)
Time: Fri Oct 27 15:58:42 2023  Windows 11 , 64 bit Build 22621 (10.0.22621.2428) elapsed time: 0.017100 seconds (0d 0h 0m 0s)

---------------  T H R E A D  ---------------

Current thread (0x000001fbfa350490):  JavaThread "Unknown thread" [_thread_in_vm, id=19592, stack(0x0000000989700000,0x0000000989800000)]

Stack: [0x0000000989700000,0x0000000989800000]
Native frames: (J=compiled Java code, j=interpreted, Vv=VM code, C=native code)
V  [jvm.dll+0x6bc25a]
V  [jvm.dll+0x84971a]
V  [jvm.dll+0x84b315]
V  [jvm.dll+0x84ba13]
V  [jvm.dll+0x280e4f]
V  [jvm.dll+0x6b8fe9]
V  [jvm.dll+0x6adbca]
V  [jvm.dll+0x35b165]
V  [jvm.dll+0x363386]
V  [jvm.dll+0x3b400e]
V  [jvm.dll+0x3b4295]
V  [jvm.dll+0x32b86a]
V  [jvm.dll+0x32c68b]
V  [jvm.dll+0x8123df]
V  [jvm.dll+0x3c1261]
V  [jvm.dll+0x7fe103]
V  [jvm.dll+0x44ccaf]
V  [jvm.dll+0x44e621]
C  [jli.dll+0x5287]
C  [ucrtbase.dll+0x29363]
C  [KERNEL32.DLL+0x1257d]
C  [ntdll.dll+0x5aa78]


---------------  P R O C E S S  ---------------

Threads class SMR info:
_java_thread_list=0x00007ffe30e1b118, length=0, elements={
}

Java Threads: ( => current thread )

Other Threads:
  0x000001fbfdca4060 WorkerThread "GC Thread#0" [stack: 0x0000000989800000,0x0000000989900000] [id=17476]
  0x000001fbfa3fc7b0 ConcurrentGCThread "G1 Main Marker" [stack: 0x0000000989900000,0x0000000989a00000] [id=4384]
  0x000001fbfa3fd890 WorkerThread "G1 Conc#0" [stack: 0x0000000989a00000,0x0000000989b00000] [id=5432]

[error occurred during error reporting (printing all threads), id 0xc0000005, EXCEPTION_ACCESS_VIOLATION (0xc0000005) at pc=0x00007ffe305feea7]
VM state: not at safepoint (not fully initialized)

VM Mutex/Monitor currently owned by a thread:  ([mutex/lock_event])
[0x000001fbfa34a9f0] Heap_lock - owner thread: 0x000001fbfa350490

Heap address: 0x0000000601400000, size: 8172 MB, Compressed Oops mode: Zero based, Oop shift amount: 3

CDS archive(s) mapped at: [0x0000000000000000-0x0000000000000000-0x0000000000000000), size 0, SharedBaseAddress: 0x0000000800000000, ArchiveRelocationMode: 1.
Narrow klass base: 0x0000000000000000, Narrow klass shift: 0, Narrow klass range: 0x0

GC Precious Log:
 CardTable entry size: 512
 Card Set container configuration: InlinePtr #cards 4 size 8 Array Of Cards #cards 32 size 80 Howl #buckets 8 coarsen threshold 7372 Howl Bitmap #cards 1024 size 144 coarsen threshold 921 Card regions per heap region 1 cards per card region 8192

Heap:
 garbage-first heap   total 0K, used 0K [0x0000000601400000, 0x0000000800000000)
  region size 4096K, 0 young (0K), 0 survivors (0K)

[error occurred during error reporting (printing heap information), id 0xc0000005, EXCEPTION_ACCESS_VIOLATION (0xc0000005) at pc=0x00007ffe309d47b9]
GC Heap History (0 events):
No events

Dll operation events (1 events):
Event: 0.004 Loaded shared library E:\Program Files\Java\jdk-20\bin\java.dll

Deoptimization events (0 events):
No events

Classes loaded (0 events):
No events

Classes unloaded (0 events):
No events

Classes redefined (0 events):
No events

Internal exceptions (0 events):
No events

VM Operations (0 events):
No events

Events (0 events):
No events


Dynamic libraries:
0x00007ff7f9f40000 - 0x00007ff7f9f50000 	E:\Program Files\Java\jdk-20\bin\java.exe
0x00007ffea8d50000 - 0x00007ffea8f67000 	C:\WINDOWS\SYSTEM32\ntdll.dll
0x00007ffea7300000 - 0x00007ffea73c4000 	C:\WINDOWS\System32\KERNEL32.DLL
0x00007ffea65e0000 - 0x00007ffea6986000 	C:\WINDOWS\System32\KERNELBASE.dll
0x00007ffea6400000 - 0x00007ffea6511000 	C:\WINDOWS\System32\ucrtbase.dll
0x00007ffe8d290000 - 0x00007ffe8d2a9000 	E:\Program Files\Java\jdk-20\bin\jli.dll
0x00007ffe65ae0000 - 0x00007ffe65afb000 	E:\Program Files\Java\jdk-20\bin\VCRUNTIME140.dll
0x00007ffea84b0000 - 0x00007ffea8560000 	C:\WINDOWS\System32\ADVAPI32.dll
0x00007ffea7d20000 - 0x00007ffea7dc7000 	C:\WINDOWS\System32\msvcrt.dll
0x00007ffea7250000 - 0x00007ffea72f6000 	C:\WINDOWS\System32\sechost.dll
0x00007ffea6bb0000 - 0x00007ffea6cc7000 	C:\WINDOWS\System32\RPCRT4.dll
0x00007ffea8300000 - 0x00007ffea84ad000 	C:\WINDOWS\System32\USER32.dll
0x00007ffe98250000 - 0x00007ffe984e3000 	C:\WINDOWS\WinSxS\amd64_microsoft.windows.common-controls_6595b64144ccf1df_6.0.22621.2361_none_2712ced57382f843\COMCTL32.dll
0x00007ffea6a80000 - 0x00007ffea6aa6000 	C:\WINDOWS\System32\win32u.dll
0x00007ffea8840000 - 0x00007ffea8869000 	C:\WINDOWS\System32\GDI32.dll
0x00007ffea62e0000 - 0x00007ffea63f8000 	C:\WINDOWS\System32\gdi32full.dll
0x00007ffea60d0000 - 0x00007ffea616a000 	C:\WINDOWS\System32\msvcp_win.dll
0x00007ffe9d440000 - 0x00007ffe9d44a000 	C:\WINDOWS\SYSTEM32\VERSION.dll
0x00007ffea8710000 - 0x00007ffea8741000 	C:\WINDOWS\System32\IMM32.DLL
0x00007ffe998e0000 - 0x00007ffe998ec000 	E:\Program Files\Java\jdk-20\bin\vcruntime140_1.dll
0x00007ffe642e0000 - 0x00007ffe6436e000 	E:\Program Files\Java\jdk-20\bin\msvcp140.dll
0x00007ffe302c0000 - 0x00007ffe30f58000 	E:\Program Files\Java\jdk-20\bin\server\jvm.dll
0x00007ffe85fd0000 - 0x00007ffe85fd9000 	C:\WINDOWS\SYSTEM32\WSOCK32.dll
0x00007ffe9ea00000 - 0x00007ffe9ea34000 	C:\WINDOWS\SYSTEM32\WINMM.dll
0x00007ffea8590000 - 0x00007ffea8601000 	C:\WINDOWS\System32\WS2_32.dll
0x00007ffea5160000 - 0x00007ffea5178000 	C:\WINDOWS\SYSTEM32\kernel.appcore.dll
0x00007ffe998c0000 - 0x00007ffe998ca000 	E:\Program Files\Java\jdk-20\bin\jimage.dll
0x00007ffe98800000 - 0x00007ffe98a2e000 	C:\WINDOWS\SYSTEM32\DBGHELP.DLL
0x00007ffea6ec0000 - 0x00007ffea724a000 	C:\WINDOWS\System32\combase.dll
0x00007ffea73d0000 - 0x00007ffea74a7000 	C:\WINDOWS\System32\OLEAUT32.dll
0x00007ffe85d10000 - 0x00007ffe85d42000 	C:\WINDOWS\SYSTEM32\dbgcore.DLL
0x00007ffea6990000 - 0x00007ffea6a0a000 	C:\WINDOWS\System32\bcryptPrimitives.dll
0x00007ffe64d80000 - 0x00007ffe64da6000 	E:\Program Files\Java\jdk-20\bin\java.dll

dbghelp: loaded successfully - version: 4.0.5 - missing functions: none
symbol engine: initialized successfully - sym options: 0x614 - pdb path: .;E:\Program Files\Java\jdk-20\bin;C:\WINDOWS\SYSTEM32;C:\WINDOWS\WinSxS\amd64_microsoft.windows.common-controls_6595b64144ccf1df_6.0.22621.2361_none_2712ced57382f843;E:\Program Files\Java\jdk-20\bin\server

VM Arguments:
jvm_args: -Dfile.encoding=windows-1252 -Duser.country=RU -Duser.language=ru -Duser.variant 
java_command: com.gpb.stores.GpbStoresApplication
java_class_path (initial): E:\Work\Pet\GPB\Game-Price-Bot\gpb-web\build\classes\java\main;E:\Work\Pet\GPB\Game-Price-Bot\gpb-web\build\resources\main;C:\Users\jedik\.gradle\caches\modules-2\files-2.1\com.auth0\java-jwt\4.3.0\4265e12233eb32d158f6263b6a036217e3f6c7bd\java-jwt-4.3.0.jar;C:\Users\jedik\.gradle\caches\modules-2\files-2.1\org.jsoup\jsoup\1.15.3\f6e1d8a8819f854b681c8eaa57fd59a42329e10c\jsoup-1.15.3.jar;C:\Users\jedik\.gradle\caches\modules-2\files-2.1\org.springframework.boot\spring-boot-starter-data-jpa\3.0.4\a30a9ab237e22f82251ef67532d34d23cebbf20d\spring-boot-starter-data-jpa-3.0.4.jar;C:\Users\jedik\.gradle\caches\modules-2\files-2.1\org.springframework.boot\spring-boot-starter-web\3.0.4\6a7405b436c6943f056cdbab587fe48bdc2b4911\spring-boot-starter-web-3.0.4.jar;C:\Users\jedik\.gradle\caches\modules-2\files-2.1\org.springframework.boot\spring-boot-starter-log4j2\3.1.3\fe437f4c604167f30e68367256152900cbfbbf8a\spring-boot-starter-log4j2-3.1.3.jar;C:\Users\jedik\.gradle\caches\modules-2\files-2.1\org.springframework.boot\spring-boot-starter-security\3.0.4\d97f2a2dae25445a8a7c501da799a1b73882e023\spring-boot-starter-security-3.0.4.jar;C:\Users\jedik\.gradle\caches\modules-2\files-2.1\org.springframework.security\spring-security-config\6.0.2\eed75110ed850c7981491ec12aa413cb4bd00d3a\spring-security-config-6.0.2.jar;C:\Users\jedik\.gradle\caches\modules-2\files-2.1\org.postgresql\postgresql\42.5.1\ac2f61eb3b1b4e47ea45de47e73d2e92f49e3ce1\postgresql-42.5.1.jar;C:\Users\jedik\.gradle\caches\modules-2\files-2.1\org.flywaydb\flyway-core\8.5.13\659e5942926c38af7347b3e9f1f7658b22aa78b7\flyway-core-8.5.13.jar;C:\Users\jedik\.gradle\caches\modules-2\files-2.1\org.springframework.boot\spring-boot-starter-tomcat\3.0.4\40babd5ca3db46adf7c59b70ca2e6f2a528b558c\spring-boot-starter-tomcat-3.0.4.jar;C:\Users\jedik\.gradle\caches\modules-2\files-2.1\org.springframework.boot\spring-boot-starter-json\3.0.4\5ddf427d011646fe787fdaa1b8edc4a4eebd48d5\spring-boot-starter-json-3.0.4.jar;C:\Users\jedik\.gradle\caches\modules-2\files-2.1\com.fasterxml.jackson.datatype\jackson-datatype-jsr310\2.14.2\796518148a385b2728d44886cc0f8852eb8eeb53\jackson-datatype-jsr310-2.14.2.jar;C:\Users\jedik\.gradle\caches\modules-2\files-2.1\com.fasterxml.jackson.core\jackson-annotations\2.14.2\a7aae9525864930723e3453ab799521fdfd9d873\jackson-annotations-2.14.2.jar;C:\Users\jedik\.gradle\caches\modules-2\files-2.1\com.fasterxml.jackson.datatype\jackson-datatype-jdk8\2.14.2\2f3c71211b6ea7a978eba33574d7135d536e07fb\jackson-datatype-jdk8-2.14.2.jar;C:\Users\jedik\.gradle\caches\modules-2\files-2.1\com.fasterxml.jackson.module\jackson-module-parameter-names\2.14.2\2b6c19b3d99dda02915515df879ab9e23fed3864\jackson-module-parameter-names-2.14.2.jar;C:\Users\jedik\.gradle\caches\modules-2\files-2.1\com.fasterxml.jackson.core\jackson-core\2.14.2\f804090e6399ce0cf78242db086017512dd71fcc\jackson-core-2.14.2.jar;C:\Users\jedik\.gradle\caches\modules-2\files-2.1\com.fasterxml.jackson.core\jackson-databind\2.14.2\1e71fddbc80bb86f71a6345ac1e8ab8a00e7134\jackson-databind-2.14.2.jar;C:\Users\jedik\.gradle\caches\modules-2\files-2.1\org.springframework.boot\spring-boot-starter-aop\3.0.4\624f2e87d204ef3de4c33d1286072c838e5d89f1\spring-boot-starter-aop-3.0.4.jar;C:\Users\jedik\.gradle\caches\modules-2\files-2.1\org.springframework.boot\spring-boot-starter-jdbc\3.0.4\e64f229f772dc2952e1978a1f10d7f3a462e105d\spring-boot-starter-jdbc-3.0.4.jar;C:\Users\jedik\.gradle\caches\modules-2\files-2.1\org.hibernate.orm\hibernate-core\6.1.7.Final\343f47b34c96fe9c44bf9b219a7b3c5d6d2fc90e\hibernate-core-6.1.7.Final.jar;C:\Users\jedik\.gradle\caches\modules-2\files-2.1\org.springframework.data\spring-data-jpa\3.0.3\db1ad002d5112df66128c8df25a57bec14c735d6\spring-data-jpa-3.0.3.jar;C:\Users\jedik\.gradle\caches\modules-2\files-2.1\org.springframework\spring-aspects\6.0.6\fcfe9b71badc1bce940606ac25de6d71a966f56e\spring-aspects-6.0.6.jar;C:\Users\jedik\.gradle\caches\modules-2\files-2.1\org.springframework.boot\spring-boot-starter\3.0.4\8f957a8bc9d70c0ca922406c6e23cb3db5d48109\spring-boot-starter-3.0.4.jar;C:\Users\jedik\.gradle\caches\modules-2\files-2.1\org.springframework\spring-webmvc\6.0.6\302580efc981ad6797a85814ea0996e2149bb420\spring-webmvc-6.0.6.jar;C:\Users\jedik\.gradle\caches\modules-2\files-2.1\org.springframework.security\spring-security-web\6.0.2\df14b8a1d844cfb5f92e9a3ba3cd78ec29015570\spring-security-web-6.0.2.jar;C:\Users\jedik\.gradle\caches\modules-2\files-2.1\org.springframework\spring-web\6.0.6\2916961032e54aaeb534a290530b7b69e297bfcc\spring-web-6.0.6.jar;C:\Users\jedik\.gradle\caches\modules-2\files-2.1\org.apache.logging.log4j\log4j-slf4j2-impl\2.19.0\5c04bfdd63ce9dceb2e284b81e96b6a70010ee10\log4j-slf4j2-impl-2.19.0.jar;C:\Users\jedik\.gradle\caches\modules-2\files-2.1\org.apache.logging.log4j\log4j-core\2.19.0\3b6eeb4de4c49c0fe38a4ee27188ff5fee44d0bb\log4j-core-2.19.0.jar;C:\Users\jedik\.gradle\caches\modules-2\files-2.1\org.apache.logging.log4j\log4j-jul\2.19.0\2e6def13971ff796bc59cd8e095a4b3dfb66a87f\log4j-jul-2.19.0.jar;C:\Users\jedik\.gradle\caches\modules-2\files-2.1\org.springframework.security\spring-security-core\6.0.2\59c7e3fe6e9084ef51ec950c4bc45810d4dc8d5\spring-security-core-6.0.2.jar;C:\Users\jedik\.gradle\caches\modules-2\files-2.1\org.springframework.boot\spring-boot-autoconfigure\3.0.4\7eb11bff0f965807f1088da20bc169bff27d284\spring-boot-autoconfigure-3.0.4.jar;C:\Users\jedik\.gradle\caches\modules-2\files-2.1\org.springframework.boot\spring-boot\3.0.4\27e5fceb2faf8ec399df70a2ff4e626a3423ae35\spring-boot-3.0.4.jar;C:\Users\jedik\.gradle\caches\modules-2\files-2.1\org.springframework\spring-context\6.0.6\fbd2b7c23adb2ec2f7ca601b3e7d79ae10e342a\spring-context-6.0.6.jar;C:\Users\jedik\.gradle\caches\modules-2\files-2.1\org.springframework\spring-aop\6.0.6\c95dc800fdce470519b7135272e64d4606fc8428\spring-aop-6.0.6.jar;C:\Users\jedik\.gradle\caches\modules-2\files-2.1\org.springframework\spring-orm\6.0.6\dd8b4098dffa99249f09b5db1be242d950b2aa7\spring-orm-6.0.6.jar;C:\Users\jedik\.gradle\caches\modules-2\files-2.1\org.springframework\spring-jdbc\6.0.6\151e730f45832d42c6535b0bc6d7cebeabcaf844\spring-jdbc-6.0.6.jar;C:\Users\jedik\.gradle\caches\modules-2\files-2.1\org.springframework.data\spring-data-commons\3.0.3\4492e9d25d7e8714f5ebfdd9e607dd7e0998038e\spring-data-commons-3.0.3.jar;C:\Users\jedik\.gradle\caches\modules-2\files-2.1\org.springframework\spring-tx\6.0.6\e86b3073d9640e17e5581a6aebb0d2794c407c46\spring-tx-6.0.6.jar;C:\Users\jedik\.gradle\caches\modules-2\files-2.1\org.springframework\spring-beans\6.0.6\48ea4ba141146b3acaad0c7df80d2a06afeb95fd\spring-beans-6.0.6.jar;C:\Users\jedik\.gradle\caches\modules-2\files-2.1\org.springframework\spring-expression\6.0.6\2006ee0e1be8380f05c29deb52a97d3a1e6812d7\spring-expression-6.0.6.jar;C:\Users\jedik\.gradle\caches\modules-2\files-2.1\org.springframework\spring-core\6.0.6\8a2845e0945923a9ebf3e9ef0649a28b6eeeac43\spring-core-6.0.6.jar;C:\Users\jedik\.gradle\caches\modules-2\files-2.1\org.checkerframework\checker-qual\3.5.0\2f50520c8abea66fbd8d26e481d3aef5c673b510\checker-qual-3.5.0.jar;C:\Users\jedik\.gradle\caches\modules-2\files-2.1\jakarta.annotation\jakarta.annotation-api\2.1.1\48b9bda22b091b1f48b13af03fe36db3be6e1ae3\jakarta.annotation-api-2.1.1.jar;C:\Users\jedik\.gradle\caches\modules-2\files-2.1\org.apache.tomcat.embed\tomcat-embed-websocket\10.1.5\14529cbd593571dc9029272ddc9166b5ef113fc2\tomcat-embed-websocket-10.1.5.jar;C:\Users\jedik\.gradle\caches\modules-2\files-2.1\org.apache.tomcat.embed\tomcat-embed-core\10.1.5\21417d3ef8189e2af05aae0a765ad9204d7211b5\tomcat-embed-core-10.1.5.jar;C:\Users\jedik\.gradle\caches\modules-2\files-2.1\org.apache.tomcat.embed\tomcat-embed-el\10.1.5\c125df13af42a0fc0cd342370449b1276181e2a1\tomcat-embed-el-10.1.5.jar;C:\Users\jedik\.gradle\caches\modules-2\files-2.1\org.aspectj\aspectjweaver\1.9.19\afbffb1210239fbba5cad73093c5b216d515838f\aspectjweaver-1.9.19.jar;C:\Users\jedik\.gradle\caches\modules-2\files-2.1\com.zaxxer\HikariCP\5.0.1\a74c7f0a37046846e88d54f7cb6ea6d565c65f9c\HikariCP-5.0.1.jar;C:\Users\jedik\.gradle\caches\modules-2\files-2.1\jakarta.persistence\jakarta.persistence-api\3.1.0\66901fa1c373c6aff65c13791cc11da72060a8d6\jakarta.persistence-api-3.1.0.jar;C:\Users\jedik\.gradle\caches\modules-2\files-2.1\jakarta.transaction\jakarta.transaction-api\2.0.1\51a520e3fae406abb84e2e1148e6746ce3f80a1a\jakarta.transaction-api-2.0.1.jar;C:\Users\jedik\.gradle\caches\modules-2\files-2.1\org.jboss.logging\jboss-logging\3.5.0.Final\c19307cc11f28f5e2679347e633a3294d865334d\jboss-logging-3.5.0.Final.jar;C:\Users\jedik\.gradle\caches\modules-2\files-2.1\org.hibernate.common\hibernate-commons-annotations\6.0.6.Final\77a5f94b56d49508e0ee334751db5b78e5ccd50c\hibernate-commons-annotations-6.0.6.Final.jar;C:\Users\jedik\.gradle\caches\modules-2\files-2.1\org.jboss\jandex\2.4.2.Final\1e1c385990b258ff1a24c801e84aebbacf70eb39\jandex-2.4.2.Final.jar;C:\Users\jedik\.gradle\caches\modules-2\files-2.1\com.fasterxml\classmate\1.5.1\3fe0bed568c62df5e89f4f174c101eab25345b6c\classmate-1.5.1.jar;C:\Users\jedik\.gradle\caches\modules-2\files-2.1\net.bytebuddy\byte-buddy\1.12.23\d470526e8c4566c04e9ae5d3ccb62d1a7aa58986\byte-buddy-1.12.23.jar;C:\Users\jedik\.gradle\caches\modules-2\files-2.1\org.glassfish.jaxb\jaxb-runtime\4.0.2\e4e4e0c5b0d42054d00dc4023901572a60d368c7\jaxb-runtime-4.0.2.jar;C:\Users\jedik\.gradle\caches\modules-2\files-2.1\org.glassfish.jaxb\jaxb-core\4.0.2\8c29249f6c10f4ee08967783831580b0f5c5360\jaxb-core-4.0.2.jar;C:\Users\jedik\.gradle\caches\modules-2\files-2.1\jakarta.xml.bind\jakarta.xml.bind-api\4.0.0\bbb399208d288b15ec101fa4fcfc4bd77cedc97a\jakarta.xml.bind-api-4.0.0.jar;C:\Users\jedik\.gradle\caches\modules-2\files-2.1\jakarta.inject\jakarta.inject-api\2.0.0\46fc8560b6fd17b78396d88f39c1a730457671f0\jakarta.inject-api-2.0.0.jar;C:\Users\jedik\.gradle\caches\modules-2\files-2.1\org.antlr\antlr4-runtime\4.10.1\10839f875928f59c622d675091d51a43ea0dc5f7\antlr4-runtime-4.10.1.jar;C:\Users\jedik\.gradle\caches\modules-2\files-2.1\org.slf4j\slf4j-api\2.0.6\88c40d8b4f33326f19a7d3c0aaf2c7e8721d4953\slf4j-api-2.0.6.jar;C:\Users\jedik\.gradle\caches\modules-2\files-2.1\org.yaml\snakeyaml\1.33\2cd0a87ff7df953f810c344bdf2fe3340b954c69\snakeyaml-1.33.jar;C:\Users\jedik\.gradle\caches\modules-2\files-2.1\io.micrometer\micrometer-observation\1.10.4\96aa92ad7a18c2451c429348c0167eb08a988d4e\micrometer-observation-1.10.4.jar;C:\Users\jedik\.gradle\caches\modules-2\files-2.1\org.apache.logging.log4j\log4j-api\2.19.0\ea1b37f38c327596b216542bc636cfdc0b8036fa\log4j-api-2.19.0.jar;C:\Users\jedik\.gradle\caches\modules-2\files-2.1\org.springframework.security\spring-security-crypto\6.0.2\4324d0283d642774fc6b34ae1ac699c6318b0dae\spring-security-crypto-6.0.2.jar;C:\Users\jedik\.gradle\caches\modules-2\files-2.1\org.springframework\spring-jcl\6.0.6\f13cd8a561e71fb65c63201113d766fcd7a2b06f\spring-jcl-6.0.6.jar;C:\Users\jedik\.gradle\caches\modules-2\files-2.1\org.eclipse.angus\angus-activation\2.0.0\72369f4e2314d38de2dcbb277141ef0226f73151\angus-activation-2.0.0.jar;C:\Users\jedik\.gradle\caches\modules-2\files-2.1\jakarta.activation\jakarta.activation-api\2.1.1\88c774ab863a21fb2fc4219af95379fafe499a31\jakarta.activation-api-2.1.1.jar;C:\Users\jedik\.gradle\caches\modules-2\files-2.1\io.micrometer\micrometer-commons\1.10.4\a5db33c573c8755e70388f204e83000dc359b63d\micrometer-commons-1.10.4.jar;C:\Users\jedik\.gradle\caches\modules-2\files-2.1\org.glassfish.jaxb\txw2\4.0.2\24e167be69c29ebb7ee0a3b1f9b546f1dfd111fc\txw2-4.0.2.jar;C:\Users\jedik\.gradle\caches\modules-2\files-2.1\com.sun.istack\istack-commons-runtime\4.1.1\9b3769c76235bc283b060da4fae2318c6d53f07e\istack-commons-runtime-4.1.1.jar
Launcher Type: SUN_STANDARD

[Global flags]
     intx CICompilerCount                          = 12                                        {product} {ergonomic}
     uint ConcGCThreads                            = 3                                         {product} {ergonomic}
     uint G1ConcRefinementThreads                  = 13                                        {product} {ergonomic}
   size_t G1HeapRegionSize                         = 4194304                                   {product} {ergonomic}
    uintx GCDrainStackTargetSize                   = 64                                        {product} {ergonomic}
   size_t InitialHeapSize                          = 536870912                                 {product} {ergonomic}
   size_t MarkStackSize                            = 4194304                                   {product} {ergonomic}
   size_t MaxHeapSize                              = 8568963072                                {product} {ergonomic}
   size_t MinHeapDeltaBytes                        = 4194304                                   {product} {ergonomic}
   size_t MinHeapSize                              = 8388608                                   {product} {ergonomic}
    uintx NonNMethodCodeHeapSize                   = 7602480                                {pd product} {ergonomic}
    uintx NonProfiledCodeHeapSize                  = 122027880                              {pd product} {ergonomic}
    uintx ProfiledCodeHeapSize                     = 122027880                              {pd product} {ergonomic}
    uintx ReservedCodeCacheSize                    = 251658240                              {pd product} {ergonomic}
     bool SegmentedCodeCache                       = true                                      {product} {ergonomic}
   size_t SoftMaxHeapSize                          = 8568963072                             {manageable} {ergonomic}
     bool UseCompressedClassPointers               = true                           {product lp64_product} {ergonomic}
     bool UseCompressedOops                        = true                           {product lp64_product} {ergonomic}
     bool UseG1GC                                  = true                                      {product} {ergonomic}
     bool UseLargePagesIndividualAllocation        = false                                  {pd product} {ergonomic}

Logging:
Log output configuration:
 #0: stdout all=warning uptime,level,tags foldmultilines=false
 #1: stderr all=off uptime,level,tags foldmultilines=false

Environment Variables:
JAVA_HOME=E:\Program Files\Java\jdk-20
PATH=C:\Program Files\Common Files\Oracle\Java\javapath;C:\Program Files (x86)\Common Files\Oracle\Java\javapath;C:\Windows\system32;C:\Windows;C:\Windows\System32\Wbem;C:\Windows\System32\WindowsPowerShell\v1.0\;C:\Windows\System32\OpenSSH\;C:\Program Files\NVIDIA Corporation\NVIDIA NvDLISR;C:\Program Files (x86)\NVIDIA Corporation\PhysX\Common;C:\Android;C:\WINDOWS\system32;C:\WINDOWS;C:\WINDOWS\System32\Wbem;C:\WINDOWS\System32\WindowsPowerShell\v1.0\;C:\WINDOWS\System32\OpenSSH\;E:\Program Files\Maven\apache-maven-3.9.0\bin;C:\Program Files\Docker\Docker\resources\bin;E:\Program Files\Gradle\gradle-8.0.2\bin;C:\Program Files\dotnet\;E:\Program Files\Java\jdk-20\bin;E:\Program Files\Git\cmd;E:\Program Files\nodejs\;E:\Program Files\nodejs\;C:\Users\jedik\AppData\Local\Microsoft\WindowsApps;E:\Programs\Microsoft VS Code\bin;C:\Users\jedik\AppData\Roaming\npm
USERNAME=jedik
OS=Windows_NT
PROCESSOR_IDENTIFIER=AMD64 Family 25 Model 33 Stepping 0, AuthenticAMD
TMP=C:\Users\jedik\AppData\Local\Temp
TEMP=C:\Users\jedik\AppData\Local\Temp




---------------  S Y S T E M  ---------------

OS:
 Windows 11 , 64 bit Build 22621 (10.0.22621.2428)
OS uptime: 15 days 4:57 hours
Hyper-V role detected

CPU: total 16 (initial active 16) (16 cores per cpu, 2 threads per core) family 25 model 33 stepping 0 microcode 0x0, cx8, cmov, fxsr, ht, mmx, 3dnowpref, sse, sse2, sse3, ssse3, sse4a, sse4.1, sse4.2, popcnt, lzcnt, tsc, tscinvbit, avx, avx2, aes, erms, clmul, bmi1, bmi2, adx, sha, fma, vzeroupper, clflush, clflushopt, hv, rdtscp, rdpid, fsrm, f16c, cet_ss

Memory: 4k page, system-wide physical 32683M (12770M free)
TotalPageFile size 56212M (AvailPageFile size 158M)
current process WorkingSet (physical memory assigned to process): 12M, peak: 12M
current process commit charge ("private bytes"): 71M, peak: 583M

vm_info: Java HotSpot(TM) 64-Bit Server VM (20.0.2+9-78) for windows-amd64 JRE (20.0.2+9-78), built on 2023-06-14T10:08:48Z by "mach5one" with MS VC++ 17.1 (VS2022)

END.
